2025-07-20 19:25:05,142 - __main__ - INFO - ============================================================
2025-07-20 19:25:05,142 - __main__ - INFO - Document Processing Application Started
2025-07-20 19:25:05,142 - __main__ - INFO - ============================================================
2025-07-20 19:25:05,194 - document_processor.document_processor - INFO - Found 44 documents to process
2025-07-20 19:25:05,434 - document_processor.document_processor - WARNING - Could not extract images: '_Relationship' object has no attribute 'target_partname'
2025-07-20 19:25:05,435 - document_processor.document_processor - WARNING -   - Proper heading usage: 0%
2025-07-20 19:25:05,436 - document_processor.document_processor - WARNING -   - Total issues: 27
2025-07-20 19:25:05,436 - document_processor.document_processor - WARNING -   - 20 headings using Normal style
2025-07-20 19:25:05,436 - document_processor.document_processor - WARNING -   - 7 image labeling issues
2025-07-20 19:25:05,627 - document_processor.document_processor - WARNING - Could not extract images: '_Relationship' object has no attribute 'target_partname'
2025-07-20 19:25:05,629 - document_processor.document_processor - WARNING -   - Proper heading usage: 0%
2025-07-20 19:25:05,629 - document_processor.document_processor - WARNING -   - Total issues: 44
2025-07-20 19:25:05,630 - document_processor.document_processor - WARNING -   - 44 headings using Normal style
2025-07-20 19:25:06,002 - document_processor.document_processor - WARNING - Could not extract images: '_Relationship' object has no attribute 'target_partname'
2025-07-20 19:25:06,004 - document_processor.document_processor - WARNING -   - Proper heading usage: 0%
2025-07-20 19:25:06,004 - document_processor.document_processor - WARNING -   - Total issues: 67
2025-07-20 19:25:06,004 - document_processor.document_processor - WARNING -   - 67 headings using Normal style
2025-07-20 19:25:06,316 - document_processor.document_processor - WARNING - Could not extract images: '_Relationship' object has no attribute 'target_partname'
2025-07-20 19:25:06,317 - document_processor.document_processor - WARNING -   - Proper heading usage: 0%
2025-07-20 19:25:06,318 - document_processor.document_processor - WARNING -   - Total issues: 64
2025-07-20 19:25:06,318 - document_processor.document_processor - WARNING -   - 64 headings using Normal style
2025-07-20 19:25:06,407 - document_processor.document_processor - WARNING - Could not extract images: '_Relationship' object has no attribute 'target_partname'
2025-07-20 19:25:06,409 - document_processor.document_processor - WARNING -   - Proper heading usage: 0%
2025-07-20 19:25:06,409 - document_processor.document_processor - WARNING -   - Total issues: 14
2025-07-20 19:25:06,409 - document_processor.document_processor - WARNING -   - 14 headings using Normal style
2025-07-20 19:25:06,561 - document_processor.document_processor - WARNING - Could not extract images: '_Relationship' object has no attribute 'target_partname'
2025-07-20 19:25:06,563 - document_processor.document_processor - WARNING -   - Proper heading usage: 25%
2025-07-20 19:25:06,563 - document_processor.document_processor - WARNING -   - Total issues: 18
2025-07-20 19:25:06,563 - document_processor.document_processor - WARNING -   - 18 headings using Normal style
2025-07-20 19:25:06,676 - document_processor.document_processor - WARNING - Could not extract images: '_Relationship' object has no attribute 'target_partname'
2025-07-20 19:25:06,677 - document_processor.document_processor - WARNING -   - Proper heading usage: 25%
2025-07-20 19:25:06,677 - document_processor.document_processor - WARNING -   - Total issues: 18
2025-07-20 19:25:06,678 - document_processor.document_processor - WARNING -   - 18 headings using Normal style
2025-07-20 19:25:06,774 - document_processor.document_processor - WARNING - Could not extract images: '_Relationship' object has no attribute 'target_partname'
2025-07-20 19:25:06,774 - document_processor.document_processor - WARNING -   - Proper heading usage: 0%
2025-07-20 19:25:06,775 - document_processor.document_processor - WARNING -   - Total issues: 9
2025-07-20 19:25:06,775 - document_processor.document_processor - WARNING -   - 9 headings using Normal style
2025-07-20 19:25:06,928 - document_processor.document_processor - WARNING - Could not extract images: '_Relationship' object has no attribute 'target_partname'
2025-07-20 19:25:06,929 - document_processor.document_processor - WARNING -   - Proper heading usage: 0%
2025-07-20 19:25:06,929 - document_processor.document_processor - WARNING -   - Total issues: 32
2025-07-20 19:25:06,929 - document_processor.document_processor - WARNING -   - 32 headings using Normal style
2025-07-20 19:25:07,095 - document_processor.document_processor - WARNING - Could not extract images: '_Relationship' object has no attribute 'target_partname'
2025-07-20 19:25:07,101 - document_processor.document_processor - WARNING -   - Proper heading usage: 0%
2025-07-20 19:25:07,101 - document_processor.document_processor - WARNING -   - Total issues: 41
2025-07-20 19:25:07,102 - document_processor.document_processor - WARNING -   - 41 headings using Normal style
2025-07-20 19:25:07,183 - document_processor.document_processor - WARNING - Could not extract images: '_Relationship' object has no attribute 'target_partname'
2025-07-20 19:25:07,184 - document_processor.document_processor - WARNING -   - Proper heading usage: 39%
2025-07-20 19:25:07,184 - document_processor.document_processor - WARNING -   - Total issues: 11
2025-07-20 19:25:07,185 - document_processor.document_processor - WARNING -   - 11 headings using Normal style
2025-07-20 19:25:07,390 - document_processor.document_processor - WARNING - Could not extract images: '_Relationship' object has no attribute 'target_partname'
2025-07-20 19:25:07,391 - document_processor.document_processor - WARNING -   - Proper heading usage: 23%
2025-07-20 19:25:07,392 - document_processor.document_processor - WARNING -   - Total issues: 46
2025-07-20 19:25:07,392 - document_processor.document_processor - WARNING -   - 46 headings using Normal style
2025-07-20 19:25:07,581 - document_processor.document_processor - WARNING - Could not extract images: '_Relationship' object has no attribute 'target_partname'
2025-07-20 19:25:07,582 - document_processor.document_processor - WARNING -   - Proper heading usage: 0%
2025-07-20 19:25:07,583 - document_processor.document_processor - WARNING -   - Total issues: 47
2025-07-20 19:25:07,583 - document_processor.document_processor - WARNING -   - 47 headings using Normal style
2025-07-20 19:25:07,670 - document_processor.document_processor - WARNING - Could not extract images: '_Relationship' object has no attribute 'target_partname'
2025-07-20 19:25:07,670 - document_processor.document_processor - WARNING -   - Proper heading usage: 0%
2025-07-20 19:25:07,670 - document_processor.document_processor - WARNING -   - Total issues: 10
2025-07-20 19:25:07,671 - document_processor.document_processor - WARNING -   - 10 headings using Normal style
2025-07-20 19:25:07,820 - document_processor.document_processor - WARNING - Could not extract images: '_Relationship' object has no attribute 'target_partname'
2025-07-20 19:25:07,821 - document_processor.document_processor - WARNING -   - Proper heading usage: 7%
2025-07-20 19:25:07,821 - document_processor.document_processor - WARNING -   - Total issues: 9
2025-07-20 19:25:07,822 - document_processor.document_processor - WARNING -   - 9 headings using Normal style
2025-07-20 19:25:08,039 - document_processor.document_processor - WARNING - Could not extract images: '_Relationship' object has no attribute 'target_partname'
2025-07-20 19:25:08,040 - document_processor.document_processor - WARNING -   - Proper heading usage: 0%
2025-07-20 19:25:08,040 - document_processor.document_processor - WARNING -   - Total issues: 4
2025-07-20 19:25:08,041 - document_processor.document_processor - WARNING -   - 4 headings using Normal style
2025-07-20 19:25:08,322 - document_processor.document_processor - WARNING - Could not extract images: '_Relationship' object has no attribute 'target_partname'
2025-07-20 19:25:08,323 - document_processor.document_processor - WARNING -   - Proper heading usage: 0%
2025-07-20 19:25:08,323 - document_processor.document_processor - WARNING -   - Total issues: 36
2025-07-20 19:25:08,324 - document_processor.document_processor - WARNING -   - 33 headings using Normal style
2025-07-20 19:25:08,324 - document_processor.document_processor - WARNING -   - 3 image labeling issues
2025-07-20 19:25:08,431 - document_processor.document_processor - WARNING - Could not extract images: '_Relationship' object has no attribute 'target_partname'
2025-07-20 19:25:08,432 - document_processor.document_processor - WARNING -   - Proper heading usage: 0%
2025-07-20 19:25:08,433 - document_processor.document_processor - WARNING -   - Total issues: 19
2025-07-20 19:25:08,433 - document_processor.document_processor - WARNING -   - 17 headings using Normal style
2025-07-20 19:25:08,433 - document_processor.document_processor - WARNING -   - 2 image labeling issues
2025-07-20 19:25:08,630 - document_processor.document_processor - WARNING - Could not extract images: '_Relationship' object has no attribute 'target_partname'
2025-07-20 19:25:08,637 - document_processor.document_processor - WARNING -   - Proper heading usage: 0%
2025-07-20 19:25:08,637 - document_processor.document_processor - WARNING -   - Total issues: 52
2025-07-20 19:25:08,638 - document_processor.document_processor - WARNING -   - 50 headings using Normal style
2025-07-20 19:25:08,638 - document_processor.document_processor - WARNING -   - 2 image labeling issues
2025-07-20 19:25:08,900 - document_processor.document_processor - WARNING - Could not extract images: '_Relationship' object has no attribute 'target_partname'
2025-07-20 19:25:08,901 - document_processor.document_processor - WARNING -   - Proper heading usage: 0%
2025-07-20 19:25:08,902 - document_processor.document_processor - WARNING -   - Total issues: 18
2025-07-20 19:25:08,902 - document_processor.document_processor - WARNING -   - 16 headings using Normal style
2025-07-20 19:25:08,902 - document_processor.document_processor - WARNING -   - 2 image labeling issues
2025-07-20 19:25:09,036 - document_processor.document_processor - WARNING - Could not extract images: '_Relationship' object has no attribute 'target_partname'
2025-07-20 19:25:09,037 - document_processor.document_processor - WARNING -   - Proper heading usage: 0%
2025-07-20 19:25:09,038 - document_processor.document_processor - WARNING -   - Total issues: 8
2025-07-20 19:25:09,038 - document_processor.document_processor - WARNING -   - 8 headings using Normal style
2025-07-20 19:25:09,108 - document_processor.document_processor - WARNING - Could not extract images: '_Relationship' object has no attribute 'target_partname'
2025-07-20 19:25:09,109 - document_processor.document_processor - WARNING -   - Proper heading usage: 0%
2025-07-20 19:25:09,109 - document_processor.document_processor - WARNING -   - Total issues: 9
2025-07-20 19:25:09,109 - document_processor.document_processor - WARNING -   - 9 headings using Normal style
2025-07-20 19:25:09,323 - document_processor.document_processor - WARNING - Could not extract images: '_Relationship' object has no attribute 'target_partname'
2025-07-20 19:25:09,324 - document_processor.document_processor - WARNING -   - Proper heading usage: 0%
2025-07-20 19:25:09,324 - document_processor.document_processor - WARNING -   - Total issues: 51
2025-07-20 19:25:09,324 - document_processor.document_processor - WARNING -   - 51 headings using Normal style
2025-07-20 19:25:09,389 - document_processor.document_processor - WARNING - Could not extract images: '_Relationship' object has no attribute 'target_partname'
2025-07-20 19:25:09,390 - document_processor.document_processor - WARNING -   - Proper heading usage: 0%
2025-07-20 19:25:09,391 - document_processor.document_processor - WARNING -   - Total issues: 6
2025-07-20 19:25:09,391 - document_processor.document_processor - WARNING -   - 6 headings using Normal style
2025-07-20 19:25:09,662 - document_processor.document_processor - WARNING - Could not extract images: '_Relationship' object has no attribute 'target_partname'
2025-07-20 19:25:09,663 - document_processor.document_processor - WARNING -   - Proper heading usage: 0%
2025-07-20 19:25:09,663 - document_processor.document_processor - WARNING -   - Total issues: 56
2025-07-20 19:25:09,664 - document_processor.document_processor - WARNING -   - 56 headings using Normal style
2025-07-20 19:25:09,876 - document_processor.document_processor - WARNING - Could not extract images: '_Relationship' object has no attribute 'target_partname'
2025-07-20 19:25:09,883 - document_processor.document_processor - WARNING -   - Proper heading usage: 33%
2025-07-20 19:25:09,883 - document_processor.document_processor - WARNING -   - Total issues: 3
2025-07-20 19:25:09,884 - document_processor.document_processor - WARNING -   - 3 headings using Normal style
2025-07-20 19:25:09,937 - document_processor.document_processor - WARNING - Could not extract images: '_Relationship' object has no attribute 'target_partname'
2025-07-20 19:25:09,938 - document_processor.document_processor - WARNING -   - Proper heading usage: 0%
2025-07-20 19:25:09,938 - document_processor.document_processor - WARNING -   - Total issues: 2
2025-07-20 19:25:09,938 - document_processor.document_processor - WARNING -   - 2 headings using Normal style
2025-07-20 19:25:10,055 - document_processor.document_processor - WARNING - Could not extract images: '_Relationship' object has no attribute 'target_partname'
2025-07-20 19:25:10,056 - document_processor.document_processor - WARNING -   - Proper heading usage: 0%
2025-07-20 19:25:10,056 - document_processor.document_processor - WARNING -   - Total issues: 3
2025-07-20 19:25:10,056 - document_processor.document_processor - WARNING -   - 3 headings using Normal style
2025-07-20 19:25:10,140 - document_processor.document_processor - WARNING - Could not extract images: '_Relationship' object has no attribute 'target_partname'
2025-07-20 19:25:10,147 - document_processor.document_processor - WARNING -   - Proper heading usage: 5%
2025-07-20 19:25:10,147 - document_processor.document_processor - WARNING -   - Total issues: 9
2025-07-20 19:25:10,148 - document_processor.document_processor - WARNING -   - 9 headings using Normal style
2025-07-20 19:25:10,219 - document_processor.document_processor - WARNING - Could not extract images: '_Relationship' object has no attribute 'target_partname'
2025-07-20 19:25:10,220 - document_processor.document_processor - WARNING -   - Proper heading usage: 0%
2025-07-20 19:25:10,221 - document_processor.document_processor - WARNING -   - Total issues: 8
2025-07-20 19:25:10,221 - document_processor.document_processor - WARNING -   - 8 headings using Normal style
2025-07-20 19:25:10,298 - document_processor.document_processor - WARNING - Could not extract images: '_Relationship' object has no attribute 'target_partname'
2025-07-20 19:25:10,300 - document_processor.document_processor - WARNING -   - Proper heading usage: 0%
2025-07-20 19:25:10,300 - document_processor.document_processor - WARNING -   - Total issues: 9
2025-07-20 19:25:10,300 - document_processor.document_processor - WARNING -   - 9 headings using Normal style
2025-07-20 19:25:10,371 - document_processor.document_processor - WARNING - Could not extract images: '_Relationship' object has no attribute 'target_partname'
2025-07-20 19:25:10,373 - document_processor.document_processor - WARNING -   - Proper heading usage: 0%
2025-07-20 19:25:10,373 - document_processor.document_processor - WARNING -   - Total issues: 10
2025-07-20 19:25:10,373 - document_processor.document_processor - WARNING -   - 10 headings using Normal style
2025-07-20 19:25:10,457 - document_processor.document_processor - WARNING - Could not extract images: '_Relationship' object has no attribute 'target_partname'
2025-07-20 19:25:10,458 - document_processor.document_processor - WARNING -   - Proper heading usage: 0%
2025-07-20 19:25:10,459 - document_processor.document_processor - WARNING -   - Total issues: 21
2025-07-20 19:25:10,459 - document_processor.document_processor - WARNING -   - 21 headings using Normal style
2025-07-20 19:25:10,670 - document_processor.document_processor - WARNING - Could not extract images: '_Relationship' object has no attribute 'target_partname'
2025-07-20 19:25:10,671 - document_processor.document_processor - WARNING -   - Proper heading usage: 17%
2025-07-20 19:25:10,671 - document_processor.document_processor - WARNING -   - Total issues: 35
2025-07-20 19:25:10,672 - document_processor.document_processor - WARNING -   - 35 headings using Normal style
2025-07-20 19:25:10,885 - document_processor.document_processor - WARNING - Could not extract images: '_Relationship' object has no attribute 'target_partname'
2025-07-20 19:25:10,886 - document_processor.document_processor - WARNING -   - Proper heading usage: 0%
2025-07-20 19:25:10,887 - document_processor.document_processor - WARNING -   - Total issues: 52
2025-07-20 19:25:10,887 - document_processor.document_processor - WARNING -   - 43 headings using Normal style
2025-07-20 19:25:10,887 - document_processor.document_processor - WARNING -   - 9 image labeling issues
2025-07-20 19:25:11,065 - document_processor.document_processor - WARNING - Could not extract images: '_Relationship' object has no attribute 'target_partname'
2025-07-20 19:25:11,071 - document_processor.document_processor - WARNING -   - Proper heading usage: 0%
2025-07-20 19:25:11,072 - document_processor.document_processor - WARNING -   - Total issues: 23
2025-07-20 19:25:11,072 - document_processor.document_processor - WARNING -   - 21 headings using Normal style
2025-07-20 19:25:11,072 - document_processor.document_processor - WARNING -   - 2 image labeling issues
2025-07-20 19:25:11,149 - document_processor.document_processor - WARNING - Could not extract images: '_Relationship' object has no attribute 'target_partname'
2025-07-20 19:25:11,150 - document_processor.document_processor - WARNING -   - Proper heading usage: 33%
2025-07-20 19:25:11,151 - document_processor.document_processor - WARNING -   - Total issues: 4
2025-07-20 19:25:11,151 - document_processor.document_processor - WARNING -   - 3 headings using Normal style
2025-07-20 19:25:11,151 - document_processor.document_processor - WARNING -   - 1 image labeling issues
2025-07-20 19:25:11,310 - document_processor.document_processor - WARNING - Could not extract images: '_Relationship' object has no attribute 'target_partname'
2025-07-20 19:25:11,311 - document_processor.document_processor - WARNING -   - Proper heading usage: 0%
2025-07-20 19:25:11,311 - document_processor.document_processor - WARNING -   - Total issues: 18
2025-07-20 19:25:11,312 - document_processor.document_processor - WARNING -   - 17 headings using Normal style
2025-07-20 19:25:11,312 - document_processor.document_processor - WARNING -   - 1 image labeling issues
2025-07-20 19:25:11,496 - document_processor.document_processor - WARNING - Could not extract images: '_Relationship' object has no attribute 'target_partname'
2025-07-20 19:25:11,497 - document_processor.document_processor - WARNING -   - Proper heading usage: 0%
2025-07-20 19:25:11,497 - document_processor.document_processor - WARNING -   - Total issues: 17
2025-07-20 19:25:11,497 - document_processor.document_processor - WARNING -   - 16 headings using Normal style
2025-07-20 19:25:11,498 - document_processor.document_processor - WARNING -   - 1 image labeling issues
2025-07-20 19:25:11,849 - document_processor.document_processor - WARNING - Could not extract images: '_Relationship' object has no attribute 'target_partname'
2025-07-20 19:25:11,850 - document_processor.document_processor - WARNING -   - Proper heading usage: 50%
2025-07-20 19:25:11,850 - document_processor.document_processor - WARNING -   - Total issues: 47
2025-07-20 19:25:11,851 - document_processor.document_processor - WARNING -   - 27 headings using Normal style
2025-07-20 19:25:11,851 - document_processor.document_processor - WARNING -   - 20 image labeling issues
2025-07-20 19:25:12,029 - document_processor.document_processor - WARNING - Could not extract images: '_Relationship' object has no attribute 'target_partname'
2025-07-20 19:25:12,030 - document_processor.document_processor - WARNING -   - Proper heading usage: 34%
2025-07-20 19:25:12,030 - document_processor.document_processor - WARNING -   - Total issues: 6
2025-07-20 19:25:12,031 - document_processor.document_processor - WARNING -   - 4 headings using Normal style
2025-07-20 19:25:12,031 - document_processor.document_processor - WARNING -   - 2 image labeling issues
2025-07-20 19:25:12,236 - document_processor.document_processor - WARNING - Could not extract images: '_Relationship' object has no attribute 'target_partname'
2025-07-20 19:25:12,237 - document_processor.document_processor - WARNING -   - Proper heading usage: 0%
2025-07-20 19:25:12,237 - document_processor.document_processor - WARNING -   - Total issues: 34
2025-07-20 19:25:12,238 - document_processor.document_processor - WARNING -   - 34 headings using Normal style
2025-07-20 19:25:12,504 - document_processor.document_processor - WARNING - Could not extract images: '_Relationship' object has no attribute 'target_partname'
2025-07-20 19:25:12,505 - document_processor.document_processor - WARNING -   - Proper heading usage: 0%
2025-07-20 19:25:12,505 - document_processor.document_processor - WARNING -   - Total issues: 24
2025-07-20 19:25:12,505 - document_processor.document_processor - WARNING -   - 24 headings using Normal style
2025-07-20 19:25:12,506 - document_processor.document_processor - INFO - 
============================================================
2025-07-20 19:25:12,506 - document_processor.document_processor - INFO - DOCUMENT PROCESSING SUMMARY
2025-07-20 19:25:12,506 - document_processor.document_processor - INFO - ============================================================
2025-07-20 19:25:12,506 - document_processor.document_processor - INFO - Format Quality Distribution:
2025-07-20 19:25:12,507 - document_processor.document_processor - INFO -   Fair: 17 documents (38.6%)
2025-07-20 19:25:12,507 - document_processor.document_processor - INFO -   Poor: 26 documents (59.1%)
2025-07-20 19:25:12,507 - document_processor.document_processor - INFO - 
Documents needing attention (43):
2025-07-20 19:25:12,519 - __main__ - INFO - Found 44 documents. Writing to Excel...
2025-07-20 19:25:12,538 - excel_writer - INFO - Written summary for 44 documents
2025-07-20 19:25:12,565 - excel_writer - INFO - Written format issues sheet
2025-07-20 19:25:12,570 - excel_writer - INFO - Written 38 sections for document 1
2025-07-20 19:25:12,578 - excel_writer - INFO - Written 46 sections for document 2
2025-07-20 19:25:12,585 - excel_writer - INFO - Written 88 sections for document 3
2025-07-20 19:25:12,593 - excel_writer - INFO - Written 64 sections for document 4
2025-07-20 19:25:12,597 - excel_writer - INFO - Written 18 sections for document 5
2025-07-20 19:25:12,600 - excel_writer - INFO - Written 24 sections for document 6
2025-07-20 19:25:12,604 - excel_writer - INFO - Written 24 sections for document 7
2025-07-20 19:25:12,607 - excel_writer - INFO - Written 23 sections for document 8
2025-07-20 19:25:12,613 - excel_writer - INFO - Written 44 sections for document 9
2025-07-20 19:25:12,619 - excel_writer - INFO - Written 49 sections for document 10
2025-07-20 19:25:12,622 - excel_writer - INFO - Written 18 sections for document 11
2025-07-20 19:25:12,628 - excel_writer - INFO - Written 72 sections for document 12
2025-07-20 19:25:12,633 - excel_writer - INFO - Written 58 sections for document 13
2025-07-20 19:25:12,637 - excel_writer - INFO - Written 15 sections for document 14
2025-07-20 19:25:12,640 - excel_writer - INFO - Written 28 sections for document 15
2025-07-20 19:25:12,644 - excel_writer - INFO - Written 28 sections for document 16
2025-07-20 19:25:12,652 - excel_writer - INFO - Written 80 sections for document 18
2025-07-20 19:25:12,656 - excel_writer - INFO - Written 37 sections for document 19
2025-07-20 19:25:12,664 - excel_writer - INFO - Written 54 sections for document 20
2025-07-20 19:25:12,669 - excel_writer - INFO - Written 27 sections for document 21
2025-07-20 19:25:12,672 - excel_writer - INFO - Written 18 sections for document 22
2025-07-20 19:25:12,675 - excel_writer - INFO - Written 15 sections for document 23
2025-07-20 19:25:12,682 - excel_writer - INFO - Written 54 sections for document 24
2025-07-20 19:25:12,684 - excel_writer - INFO - Written 13 sections for document 25
2025-07-20 19:25:12,690 - excel_writer - INFO - Written 61 sections for document 26
2025-07-20 19:25:12,695 - excel_writer - INFO - Written 27 sections for document 27
2025-07-20 19:25:12,699 - excel_writer - INFO - Written 2 sections for document 28
2025-07-20 19:25:12,701 - excel_writer - INFO - Written 11 sections for document 29
2025-07-20 19:25:12,704 - excel_writer - INFO - Written 20 sections for document 30
2025-07-20 19:25:12,707 - excel_writer - INFO - Written 16 sections for document 31
2025-07-20 19:25:12,710 - excel_writer - INFO - Written 13 sections for document 32
2025-07-20 19:25:12,715 - excel_writer - INFO - Written 15 sections for document 33
2025-07-20 19:25:12,719 - excel_writer - INFO - Written 22 sections for document 34
2025-07-20 19:25:12,724 - excel_writer - INFO - Written 47 sections for document 35
2025-07-20 19:25:12,732 - excel_writer - INFO - Written 73 sections for document 36
2025-07-20 19:25:12,736 - excel_writer - INFO - Written 28 sections for document 37
2025-07-20 19:25:12,738 - excel_writer - INFO - Written 10 sections for document 38
2025-07-20 19:25:12,741 - excel_writer - INFO - Written 21 sections for document 39
2025-07-20 19:25:12,746 - excel_writer - INFO - Written 27 sections for document 40
2025-07-20 19:25:12,751 - excel_writer - INFO - Written 112 sections for document 41
2025-07-20 19:25:12,754 - excel_writer - INFO - Written 32 sections for document 42
2025-07-20 19:25:12,759 - excel_writer - INFO - Written 34 sections for document 43
2025-07-20 19:25:12,765 - excel_writer - INFO - Written 37 sections for document 44
2025-07-20 19:25:13,948 - excel_writer - INFO - Excel file saved to: document_analysis.xlsx
2025-07-20 19:25:13,949 - __main__ - INFO - ============================================================
2025-07-20 19:25:13,949 - __main__ - INFO - Processing Summary:
2025-07-20 19:25:13,950 - __main__ - INFO -   Documents processed: 44
2025-07-20 19:25:13,950 - __main__ - INFO -   Total words: 108,126
2025-07-20 19:25:13,950 - __main__ - INFO -   Total images: 116
2025-07-20 19:25:13,950 - __main__ - INFO -   Total sections: 1543
2025-07-20 19:25:13,951 - __main__ - INFO -   Output file: D:\Development\Documents processing\document_analysis.xlsx
2025-07-20 19:25:13,951 - __main__ - INFO - ============================================================
2025-07-20 19:25:13,951 - __main__ - INFO - 
Format Quality Summary:
2025-07-20 19:25:13,951 - __main__ - INFO -   Fair: 17 documents (38.6%)
2025-07-20 19:25:13,952 - __main__ - INFO -   Poor: 26 documents (59.1%)
2025-07-20 19:25:13,963 - __main__ - INFO -     ... and 21 more
