2025-07-20 16:49:19,225 - __main__ - INFO - ============================================================
2025-07-20 16:49:19,227 - __main__ - INFO - Document Processing Application Started
2025-07-20 16:49:19,227 - __main__ - INFO - ============================================================
2025-07-20 16:49:19,641 - document_processor.section_extractor - INFO - Text sections by style:
2025-07-20 16:49:19,641 - document_processor.section_extractor - INFO -   Normal: 17
2025-07-20 16:49:19,641 - document_processor.section_extractor - INFO - Image/Table captions: 11
2025-07-20 16:49:19,642 - document_processor.section_extractor - INFO - ==================================================
2025-07-20 16:49:19,826 - document_processor.image_analyzer - WARNING - Error counting inline images: xpath() got an unexpected keyword argument 'namespaces'
2025-07-20 16:49:19,838 - document_processor.image_analyzer - INFO -   Found images: ['image1.jpeg', 'image10.jpeg', 'image11.jpeg', 'image12.png', 'image13.png', 'image14.jpeg', 'image15.jpeg', 'image16.jpeg', 'image17.png', 'image18.svg', 'image19.png', 'image2.png', 'image20.svg', 'image21.png', 'image22.svg', 'image23.jpeg', 'image24.png', 'image25.jpeg', 'image26.jpeg', 'image3.jpeg', 'image4.jpeg', 'image5.jpeg', 'image6.png', 'image7.jpeg', 'image8.jpeg', 'image9.jpeg']
2025-07-20 16:49:19,843 - document_processor.image_analyzer - INFO -   Ignoring image22.svg (duplicate of image21.png)
2025-07-20 16:49:19,844 - document_processor.image_analyzer - INFO -   Ignoring image18.svg (duplicate of image17.png)
2025-07-20 16:49:19,845 - document_processor.image_analyzer - INFO -   Ignoring image20.svg (duplicate of image19.png)
2025-07-20 16:49:19,846 - document_processor.image_analyzer - INFO -   Unique images: ['image1.jpeg', 'image10.jpeg', 'image11.jpeg', 'image12.png', 'image13.png', 'image14.jpeg', 'image15.jpeg', 'image16.jpeg', 'image17.png', 'image19.png', 'image2.png', 'image21.png', 'image23.jpeg', 'image24.png', 'image25.jpeg', 'image26.jpeg', 'image3.jpeg', 'image4.jpeg', 'image5.jpeg', 'image6.png', 'image7.jpeg', 'image8.jpeg', 'image9.jpeg']
2025-07-20 16:49:19,849 - document_processor.image_analyzer - INFO -   Total files: 26, Unique images: 23
2025-07-20 16:49:20,221 - document_processor.section_extractor - INFO - Text sections by style:
2025-07-20 16:49:20,222 - document_processor.section_extractor - INFO -   List Paragraph: 1
2025-07-20 16:49:20,222 - document_processor.section_extractor - INFO -   Normal: 6
2025-07-20 16:49:20,223 - document_processor.section_extractor - INFO - Image/Table captions: 0
2025-07-20 16:49:20,224 - document_processor.section_extractor - INFO - ==================================================
2025-07-20 16:49:20,322 - document_processor.image_analyzer - WARNING - Error counting inline images: xpath() got an unexpected keyword argument 'namespaces'
2025-07-20 16:49:20,343 - document_processor.image_analyzer - INFO -   Found images: ['image1.png', 'image2.svg']
2025-07-20 16:49:20,344 - document_processor.image_analyzer - INFO -   Ignoring image2.svg (duplicate of image1.png)
2025-07-20 16:49:20,345 - document_processor.image_analyzer - INFO -   Unique images: ['image1.png']
2025-07-20 16:49:20,347 - document_processor.image_analyzer - INFO -   Total files: 2, Unique images: 1
2025-07-20 16:49:21,235 - document_processor.section_extractor - INFO - Text sections by style:
2025-07-20 16:49:21,236 - document_processor.section_extractor - INFO -   List Paragraph: 20
2025-07-20 16:49:21,237 - document_processor.section_extractor - INFO -   Normal: 5
2025-07-20 16:49:21,238 - document_processor.section_extractor - INFO - Image/Table captions: 0
2025-07-20 16:49:21,239 - document_processor.section_extractor - INFO - ==================================================
2025-07-20 16:49:21,420 - document_processor.image_analyzer - WARNING - Error counting inline images: xpath() got an unexpected keyword argument 'namespaces'
2025-07-20 16:49:21,422 - document_processor.image_analyzer - INFO -   Found images: ['image1.jpeg', 'image2.jpeg', 'image3.jpg']
2025-07-20 16:49:21,423 - document_processor.image_analyzer - INFO -   Unique images: ['image1.jpeg', 'image2.jpeg', 'image3.jpg']
2025-07-20 16:49:21,423 - document_processor.image_analyzer - INFO -   Total files: 3, Unique images: 3
2025-07-20 16:49:21,806 - document_processor.section_extractor - INFO - Text sections by style:
2025-07-20 16:49:21,806 - document_processor.section_extractor - INFO -   Normal: 25
2025-07-20 16:49:21,806 - document_processor.section_extractor - INFO - Image/Table captions: 0
2025-07-20 16:49:21,806 - document_processor.section_extractor - INFO - ==================================================
2025-07-20 16:49:22,073 - document_processor.image_analyzer - WARNING - Error counting inline images: xpath() got an unexpected keyword argument 'namespaces'
2025-07-20 16:49:22,075 - document_processor.image_analyzer - INFO -   Found images: ['image1.jpg', 'image2.jpg', 'image3.jpg', 'image4.jpg', 'image5.jpg']
2025-07-20 16:49:22,076 - document_processor.image_analyzer - INFO -   Unique images: ['image1.jpg', 'image2.jpg', 'image3.jpg', 'image4.jpg', 'image5.jpg']
2025-07-20 16:49:22,076 - document_processor.image_analyzer - INFO -   Total files: 5, Unique images: 5
2025-07-20 16:49:22,157 - document_processor.section_extractor - INFO - Text sections by style:
2025-07-20 16:49:22,158 - document_processor.section_extractor - INFO -   Normal: 9
2025-07-20 16:49:22,158 - document_processor.section_extractor - INFO - Image/Table captions: 0
2025-07-20 16:49:22,159 - document_processor.section_extractor - INFO - ==================================================
2025-07-20 16:49:22,184 - document_processor.image_analyzer - WARNING - Error counting inline images: xpath() got an unexpected keyword argument 'namespaces'
2025-07-20 16:49:22,187 - document_processor.image_analyzer - INFO -   Found images: ['image1.jpg', 'image2.jpeg', 'image3.jpeg']
2025-07-20 16:49:22,188 - document_processor.image_analyzer - INFO -   Unique images: ['image1.jpg', 'image2.jpeg', 'image3.jpeg']
2025-07-20 16:49:22,188 - document_processor.image_analyzer - INFO -   Total files: 3, Unique images: 3
2025-07-20 16:49:22,320 - document_processor.section_extractor - INFO - Text sections by style:
2025-07-20 16:49:22,321 - document_processor.section_extractor - INFO -   Heading 2: 6
2025-07-20 16:49:22,321 - document_processor.section_extractor - INFO -   Normal: 2
2025-07-20 16:49:22,321 - document_processor.section_extractor - INFO - Image/Table captions: 0
2025-07-20 16:49:22,321 - document_processor.section_extractor - INFO - ==================================================
2025-07-20 16:49:22,369 - document_processor.image_analyzer - WARNING - Error counting inline images: xpath() got an unexpected keyword argument 'namespaces'
2025-07-20 16:49:22,371 - document_processor.image_analyzer - INFO -   Found images: ['image1.jpeg', 'image2.jpg']
2025-07-20 16:49:22,371 - document_processor.image_analyzer - INFO -   Unique images: ['image1.jpeg', 'image2.jpg']
2025-07-20 16:49:22,372 - document_processor.image_analyzer - INFO -   Total files: 2, Unique images: 2
2025-07-20 16:49:22,479 - document_processor.section_extractor - INFO - Text sections by style:
2025-07-20 16:49:22,480 - document_processor.section_extractor - INFO -   Heading 2: 6
2025-07-20 16:49:22,480 - document_processor.section_extractor - INFO -   Normal: 1
2025-07-20 16:49:22,481 - document_processor.section_extractor - INFO - Image/Table captions: 0
2025-07-20 16:49:22,481 - document_processor.section_extractor - INFO - ==================================================
2025-07-20 16:49:22,514 - document_processor.image_analyzer - WARNING - Error counting inline images: xpath() got an unexpected keyword argument 'namespaces'
2025-07-20 16:49:22,516 - document_processor.image_analyzer - INFO -   Found images: ['image1.png', 'image2.png', 'image3.png', 'image4.jpeg']
2025-07-20 16:49:22,517 - document_processor.image_analyzer - INFO -   Unique images: ['image1.png', 'image2.png', 'image3.png', 'image4.jpeg']
2025-07-20 16:49:22,518 - document_processor.image_analyzer - INFO -   Total files: 4, Unique images: 4
2025-07-20 16:49:22,630 - document_processor.section_extractor - INFO - Text sections by style:
2025-07-20 16:49:22,630 - document_processor.section_extractor - INFO -   Normal: 9
2025-07-20 16:49:22,631 - document_processor.section_extractor - INFO - Image/Table captions: 0
2025-07-20 16:49:22,631 - document_processor.section_extractor - INFO - ==================================================
2025-07-20 16:49:22,668 - document_processor.image_analyzer - WARNING - Error counting inline images: xpath() got an unexpected keyword argument 'namespaces'
2025-07-20 16:49:22,670 - document_processor.image_analyzer - INFO -   Found images: ['image1.jpg', 'image2.jpeg']
2025-07-20 16:49:22,671 - document_processor.image_analyzer - INFO -   Unique images: ['image1.jpg', 'image2.jpeg']
2025-07-20 16:49:22,671 - document_processor.image_analyzer - INFO -   Total files: 2, Unique images: 2
2025-07-20 16:49:22,807 - document_processor.section_extractor - INFO - Text sections by style:
2025-07-20 16:49:22,807 - document_processor.section_extractor - INFO -   List Paragraph: 6
2025-07-20 16:49:22,808 - document_processor.section_extractor - INFO -   No Spacing: 3
2025-07-20 16:49:22,808 - document_processor.section_extractor - INFO -   Normal: 2
2025-07-20 16:49:22,808 - document_processor.section_extractor - INFO - Image/Table captions: 0
2025-07-20 16:49:22,809 - document_processor.section_extractor - INFO - ==================================================
2025-07-20 16:49:22,858 - document_processor.image_analyzer - WARNING - Error counting inline images: xpath() got an unexpected keyword argument 'namespaces'
2025-07-20 16:49:22,861 - document_processor.image_analyzer - INFO -   Found images: ['image1.jpeg', 'image2.jpg', 'image3.jpg', 'image4.jpg']
2025-07-20 16:49:22,862 - document_processor.image_analyzer - INFO -   Unique images: ['image1.jpeg', 'image2.jpg', 'image3.jpg', 'image4.jpg']
2025-07-20 16:49:22,862 - document_processor.image_analyzer - INFO -   Total files: 4, Unique images: 4
2025-07-20 16:49:23,011 - document_processor.section_extractor - INFO - Text sections by style:
2025-07-20 16:49:23,012 - document_processor.section_extractor - INFO -   List Paragraph: 7
2025-07-20 16:49:23,012 - document_processor.section_extractor - INFO -   Normal: 14
2025-07-20 16:49:23,013 - document_processor.section_extractor - INFO - Image/Table captions: 0
2025-07-20 16:49:23,013 - document_processor.section_extractor - INFO - ==================================================
2025-07-20 16:49:23,067 - document_processor.image_analyzer - WARNING - Error counting inline images: xpath() got an unexpected keyword argument 'namespaces'
2025-07-20 16:49:23,069 - document_processor.image_analyzer - INFO -   Found images: ['image1.jpeg', 'image2.jpg', 'image3.jpg', 'image4.jpg']
2025-07-20 16:49:23,070 - document_processor.image_analyzer - INFO -   Unique images: ['image1.jpeg', 'image2.jpg', 'image3.jpg', 'image4.jpg']
2025-07-20 16:49:23,070 - document_processor.image_analyzer - INFO -   Total files: 4, Unique images: 4
2025-07-20 16:49:23,139 - document_processor.section_extractor - INFO - Text sections by style:
2025-07-20 16:49:23,139 - document_processor.section_extractor - INFO -   Heading 2: 4
2025-07-20 16:49:23,139 - document_processor.section_extractor - INFO -   Heading 3: 2
2025-07-20 16:49:23,140 - document_processor.section_extractor - INFO -   Normal: 1
2025-07-20 16:49:23,140 - document_processor.section_extractor - INFO -   Title: 1
2025-07-20 16:49:23,140 - document_processor.section_extractor - INFO - Image/Table captions: 0
2025-07-20 16:49:23,140 - document_processor.section_extractor - INFO - ==================================================
2025-07-20 16:49:23,163 - document_processor.image_analyzer - WARNING - Error counting inline images: xpath() got an unexpected keyword argument 'namespaces'
2025-07-20 16:49:23,175 - document_processor.image_analyzer - INFO -   Found images: ['image1.jpg']
2025-07-20 16:49:23,175 - document_processor.image_analyzer - INFO -   Unique images: ['image1.jpg']
2025-07-20 16:49:23,176 - document_processor.image_analyzer - INFO -   Total files: 1, Unique images: 1
2025-07-20 16:49:23,369 - document_processor.section_extractor - INFO - Text sections by style:
2025-07-20 16:49:23,369 - document_processor.section_extractor - INFO -   Heading 1: 1
2025-07-20 16:49:23,370 - document_processor.section_extractor - INFO -   Heading 2: 9
2025-07-20 16:49:23,370 - document_processor.section_extractor - INFO -   Heading 3: 6
2025-07-20 16:49:23,370 - document_processor.section_extractor - INFO -   Normal: 3
2025-07-20 16:49:23,371 - document_processor.section_extractor - INFO - Image/Table captions: 3
2025-07-20 16:49:23,371 - document_processor.section_extractor - INFO - ==================================================
2025-07-20 16:49:23,467 - document_processor.image_analyzer - WARNING - Error counting inline images: xpath() got an unexpected keyword argument 'namespaces'
2025-07-20 16:49:23,469 - document_processor.image_analyzer - INFO -   Found images: ['image1.jpg', 'image2.png', 'image3.svg']
2025-07-20 16:49:23,469 - document_processor.image_analyzer - INFO -   Ignoring image3.svg (duplicate of image2.png)
2025-07-20 16:49:23,470 - document_processor.image_analyzer - INFO -   Unique images: ['image1.jpg', 'image2.png']
2025-07-20 16:49:23,470 - document_processor.image_analyzer - INFO -   Total files: 3, Unique images: 2
2025-07-20 16:49:23,593 - document_processor.section_extractor - INFO - Text sections by style:
2025-07-20 16:49:23,593 - document_processor.section_extractor - INFO -   Normal: 2
2025-07-20 16:49:23,593 - document_processor.section_extractor - INFO - Image/Table captions: 0
2025-07-20 16:49:23,594 - document_processor.section_extractor - INFO - ==================================================
2025-07-20 16:49:23,629 - document_processor.image_analyzer - WARNING - Error counting inline images: xpath() got an unexpected keyword argument 'namespaces'
2025-07-20 16:49:23,638 - document_processor.image_analyzer - INFO -   Found images: ['image1.jpg', 'image2.jpeg', 'image3.jpg', 'image4.jpeg', 'image5.jpg']
2025-07-20 16:49:23,638 - document_processor.image_analyzer - INFO -   Unique images: ['image1.jpg', 'image2.jpeg', 'image3.jpg', 'image4.jpeg', 'image5.jpg']
2025-07-20 16:49:23,638 - document_processor.image_analyzer - INFO -   Total files: 5, Unique images: 5
2025-07-20 16:49:23,696 - document_processor.section_extractor - INFO - Text sections by style:
2025-07-20 16:49:23,696 - document_processor.section_extractor - INFO -   List Paragraph: 5
2025-07-20 16:49:23,697 - document_processor.section_extractor - INFO - Image/Table captions: 0
2025-07-20 16:49:23,697 - document_processor.section_extractor - INFO - ==================================================
2025-07-20 16:49:23,716 - document_processor.image_analyzer - WARNING - Error counting inline images: xpath() got an unexpected keyword argument 'namespaces'
2025-07-20 16:49:23,718 - document_processor.image_analyzer - INFO -   Found images: ['image1.jpeg']
2025-07-20 16:49:23,718 - document_processor.image_analyzer - INFO -   Unique images: ['image1.jpeg']
2025-07-20 16:49:23,719 - document_processor.image_analyzer - INFO -   Total files: 1, Unique images: 1
2025-07-20 16:49:23,890 - document_processor.section_extractor - INFO - Text sections by style:
2025-07-20 16:49:23,891 - document_processor.section_extractor - INFO -   Heading 1: 2
2025-07-20 16:49:23,891 - document_processor.section_extractor - INFO -   List Paragraph: 4
2025-07-20 16:49:23,891 - document_processor.section_extractor - INFO -   Normal: 3
2025-07-20 16:49:23,892 - document_processor.section_extractor - INFO - Image/Table captions: 0
2025-07-20 16:49:23,892 - document_processor.section_extractor - INFO - ==================================================
2025-07-20 16:49:23,938 - document_processor.image_analyzer - WARNING - Error counting inline images: xpath() got an unexpected keyword argument 'namespaces'
2025-07-20 16:49:23,940 - document_processor.image_analyzer - INFO -   Found images: ['image1.jpeg']
2025-07-20 16:49:23,940 - document_processor.image_analyzer - INFO -   Unique images: ['image1.jpeg']
2025-07-20 16:49:23,940 - document_processor.image_analyzer - INFO -   Total files: 1, Unique images: 1
2025-07-20 16:49:24,133 - document_processor.section_extractor - INFO - Text sections by style:
2025-07-20 16:49:24,133 - document_processor.section_extractor - INFO -   Normal: 4
2025-07-20 16:49:24,133 - document_processor.section_extractor - INFO -   footnote text: 2
2025-07-20 16:49:24,134 - document_processor.section_extractor - INFO - Image/Table captions: 1
2025-07-20 16:49:24,134 - document_processor.section_extractor - INFO - ==================================================
2025-07-20 16:49:24,219 - document_processor.image_analyzer - WARNING - Error counting inline images: xpath() got an unexpected keyword argument 'namespaces'
2025-07-20 16:49:24,221 - document_processor.image_analyzer - INFO -   Found images: ['image1.jpeg']
2025-07-20 16:49:24,221 - document_processor.image_analyzer - INFO -   Unique images: ['image1.jpeg']
2025-07-20 16:49:24,221 - document_processor.image_analyzer - INFO -   Total files: 1, Unique images: 1
2025-07-20 16:49:24,426 - document_processor.section_extractor - INFO - Text sections by style:
2025-07-20 16:49:24,426 - document_processor.section_extractor - INFO -   List Paragraph: 1
2025-07-20 16:49:24,426 - document_processor.section_extractor - INFO -   Normal: 7
2025-07-20 16:49:24,427 - document_processor.section_extractor - INFO -   q-text: 1
2025-07-20 16:49:24,427 - document_processor.section_extractor - INFO - Image/Table captions: 14
2025-07-20 16:49:24,428 - document_processor.section_extractor - INFO - ==================================================
2025-07-20 16:49:24,491 - document_processor.image_analyzer - WARNING - Error counting inline images: xpath() got an unexpected keyword argument 'namespaces'
2025-07-20 16:49:24,493 - document_processor.image_analyzer - INFO -   Found images: ['image1.jpeg', 'image10.png', 'image11.svg', 'image12.png', 'image13.svg', 'image14.png', 'image15.svg', 'image16.png', 'image17.svg', 'image18.png', 'image19.svg', 'image2.png', 'image20.png', 'image21.svg', 'image22.png', 'image23.svg', 'image24.png', 'image25.svg', 'image26.png', 'image27.svg', 'image28.png', 'image29.svg', 'image3.svg', 'image4.png', 'image5.svg', 'image6.png', 'image7.svg', 'image8.png', 'image9.svg']
2025-07-20 16:49:24,494 - document_processor.image_analyzer - INFO -   Ignoring image3.svg (duplicate of image2.png)
2025-07-20 16:49:24,495 - document_processor.image_analyzer - INFO -   Ignoring image29.svg (duplicate of image28.png)
2025-07-20 16:49:24,495 - document_processor.image_analyzer - INFO -   Ignoring image11.svg (duplicate of image10.png)
2025-07-20 16:49:24,496 - document_processor.image_analyzer - INFO -   Ignoring image19.svg (duplicate of image18.png)
2025-07-20 16:49:24,496 - document_processor.image_analyzer - INFO -   Ignoring image27.svg (duplicate of image26.png)
2025-07-20 16:49:24,496 - document_processor.image_analyzer - INFO -   Ignoring image5.svg (duplicate of image4.png)
2025-07-20 16:49:24,497 - document_processor.image_analyzer - INFO -   Ignoring image13.svg (duplicate of image12.png)
2025-07-20 16:49:24,498 - document_processor.image_analyzer - INFO -   Ignoring image9.svg (duplicate of image8.png)
2025-07-20 16:49:24,498 - document_processor.image_analyzer - INFO -   Ignoring image21.svg (duplicate of image20.png)
2025-07-20 16:49:24,498 - document_processor.image_analyzer - INFO -   Ignoring image17.svg (duplicate of image16.png)
2025-07-20 16:49:24,499 - document_processor.image_analyzer - INFO -   Ignoring image25.svg (duplicate of image24.png)
2025-07-20 16:49:24,499 - document_processor.image_analyzer - INFO -   Ignoring image7.svg (duplicate of image6.png)
2025-07-20 16:49:24,500 - document_processor.image_analyzer - INFO -   Ignoring image15.svg (duplicate of image14.png)
2025-07-20 16:49:24,501 - document_processor.image_analyzer - INFO -   Ignoring image23.svg (duplicate of image22.png)
2025-07-20 16:49:24,501 - document_processor.image_analyzer - INFO -   Unique images: ['image1.jpeg', 'image10.png', 'image12.png', 'image14.png', 'image16.png', 'image18.png', 'image2.png', 'image20.png', 'image22.png', 'image24.png', 'image26.png', 'image28.png', 'image4.png', 'image6.png', 'image8.png']
2025-07-20 16:49:24,502 - document_processor.image_analyzer - INFO -   Total files: 29, Unique images: 15
2025-07-20 16:49:24,739 - document_processor.section_extractor - INFO - Text sections by style:
2025-07-20 16:49:24,739 - document_processor.section_extractor - INFO -   List Paragraph: 2
2025-07-20 16:49:24,739 - document_processor.section_extractor - INFO -   Normal: 8
2025-07-20 16:49:24,739 - document_processor.section_extractor - INFO -   footnote text: 1
2025-07-20 16:49:24,739 - document_processor.section_extractor - INFO - Image/Table captions: 5
2025-07-20 16:49:24,740 - document_processor.section_extractor - INFO - ==================================================
2025-07-20 16:49:24,834 - document_processor.image_analyzer - WARNING - Error counting inline images: xpath() got an unexpected keyword argument 'namespaces'
2025-07-20 16:49:24,836 - document_processor.image_analyzer - INFO -   Found images: ['image1.jpeg', 'image10.png', 'image11.svg', 'image12.png', 'image13.svg', 'image14.png', 'image15.svg', 'image16.png', 'image17.svg', 'image2.png', 'image3.svg', 'image4.png', 'image5.svg', 'image6.png', 'image7.svg', 'image8.png', 'image9.svg']
2025-07-20 16:49:24,836 - document_processor.image_analyzer - INFO -   Ignoring image3.svg (duplicate of image2.png)
2025-07-20 16:49:24,837 - document_processor.image_analyzer - INFO -   Ignoring image11.svg (duplicate of image10.png)
2025-07-20 16:49:24,837 - document_processor.image_analyzer - INFO -   Ignoring image7.svg (duplicate of image6.png)
2025-07-20 16:49:24,838 - document_processor.image_analyzer - INFO -   Ignoring image15.svg (duplicate of image14.png)
2025-07-20 16:49:24,839 - document_processor.image_analyzer - INFO -   Ignoring image5.svg (duplicate of image4.png)
2025-07-20 16:49:24,839 - document_processor.image_analyzer - INFO -   Ignoring image13.svg (duplicate of image12.png)
2025-07-20 16:49:24,840 - document_processor.image_analyzer - INFO -   Ignoring image9.svg (duplicate of image8.png)
2025-07-20 16:49:24,840 - document_processor.image_analyzer - INFO -   Ignoring image17.svg (duplicate of image16.png)
2025-07-20 16:49:24,840 - document_processor.image_analyzer - INFO -   Unique images: ['image1.jpeg', 'image10.png', 'image12.png', 'image14.png', 'image16.png', 'image2.png', 'image4.png', 'image6.png', 'image8.png']
2025-07-20 16:49:24,841 - document_processor.image_analyzer - INFO -   Total files: 17, Unique images: 9
2025-07-20 16:49:24,920 - document_processor.section_extractor - INFO - Text sections by style:
2025-07-20 16:49:24,921 - document_processor.section_extractor - INFO -   Normal: 8
2025-07-20 16:49:24,921 - document_processor.section_extractor - INFO - Image/Table captions: 3
2025-07-20 16:49:24,921 - document_processor.section_extractor - INFO - ==================================================
2025-07-20 16:49:24,945 - document_processor.image_analyzer - WARNING - Error counting inline images: xpath() got an unexpected keyword argument 'namespaces'
2025-07-20 16:49:24,947 - document_processor.image_analyzer - INFO -   Found images: ['image1.jpeg', 'image2.png', 'image3.svg', 'image4.png', 'image5.svg', 'image6.png', 'image7.svg', 'image8.png', 'image9.svg']
2025-07-20 16:49:24,947 - document_processor.image_analyzer - INFO -   Ignoring image3.svg (duplicate of image2.png)
2025-07-20 16:49:24,948 - document_processor.image_analyzer - INFO -   Ignoring image7.svg (duplicate of image6.png)
2025-07-20 16:49:24,948 - document_processor.image_analyzer - INFO -   Ignoring image5.svg (duplicate of image4.png)
2025-07-20 16:49:24,949 - document_processor.image_analyzer - INFO -   Ignoring image9.svg (duplicate of image8.png)
2025-07-20 16:49:24,949 - document_processor.image_analyzer - INFO -   Unique images: ['image1.jpeg', 'image2.png', 'image4.png', 'image6.png', 'image8.png']
2025-07-20 16:49:24,950 - document_processor.image_analyzer - INFO -   Total files: 9, Unique images: 5
2025-07-20 16:49:25,145 - document_processor.section_extractor - INFO - Text sections by style:
2025-07-20 16:49:25,145 - document_processor.section_extractor - INFO -   Normal: 6
2025-07-20 16:49:25,146 - document_processor.section_extractor - INFO - Image/Table captions: 2
2025-07-20 16:49:25,146 - document_processor.section_extractor - INFO - ==================================================
2025-07-20 16:49:25,317 - document_processor.image_analyzer - WARNING - Error counting inline images: xpath() got an unexpected keyword argument 'namespaces'
2025-07-20 16:49:25,320 - document_processor.image_analyzer - INFO -   Found images: ['image1.jpeg', 'image2.jpg', 'image3.jpeg']
2025-07-20 16:49:25,320 - document_processor.image_analyzer - INFO -   Unique images: ['image1.jpeg', 'image2.jpg', 'image3.jpeg']
2025-07-20 16:49:25,320 - document_processor.image_analyzer - INFO -   Total files: 3, Unique images: 3
2025-07-20 16:49:25,482 - document_processor.section_extractor - INFO - Text sections by style:
2025-07-20 16:49:25,482 - document_processor.section_extractor - INFO -   List Paragraph: 3
2025-07-20 16:49:25,483 - document_processor.section_extractor - INFO -   Normal: 12
2025-07-20 16:49:25,483 - document_processor.section_extractor - INFO -   Normal (Web): 1
2025-07-20 16:49:25,483 - document_processor.section_extractor - INFO - Image/Table captions: 2
2025-07-20 16:49:25,484 - document_processor.section_extractor - INFO - ==================================================
2025-07-20 16:49:25,536 - document_processor.image_analyzer - WARNING - Error counting inline images: xpath() got an unexpected keyword argument 'namespaces'
2025-07-20 16:49:25,538 - document_processor.image_analyzer - INFO -   Found images: ['image1.jpeg', 'image2.jpg', 'image3.jpeg', 'image4.png', 'image5.svg', 'image6.png']
2025-07-20 16:49:25,539 - document_processor.image_analyzer - INFO -   Ignoring image5.svg (duplicate of image4.png)
2025-07-20 16:49:25,539 - document_processor.image_analyzer - INFO -   Unique images: ['image1.jpeg', 'image2.jpg', 'image3.jpeg', 'image4.png', 'image6.png']
2025-07-20 16:49:25,539 - document_processor.image_analyzer - INFO -   Total files: 6, Unique images: 5
2025-07-20 16:49:25,620 - document_processor.section_extractor - INFO - Text sections by style:
2025-07-20 16:49:25,621 - document_processor.section_extractor - INFO -   Normal: 7
2025-07-20 16:49:25,621 - document_processor.section_extractor - INFO - Image/Table captions: 0
2025-07-20 16:49:25,622 - document_processor.section_extractor - INFO - ==================================================
2025-07-20 16:49:25,644 - document_processor.image_analyzer - WARNING - Error counting inline images: xpath() got an unexpected keyword argument 'namespaces'
2025-07-20 16:49:25,646 - document_processor.image_analyzer - INFO -   Found images: ['image1.jpg']
2025-07-20 16:49:25,647 - document_processor.image_analyzer - INFO -   Unique images: ['image1.jpg']
2025-07-20 16:49:25,647 - document_processor.image_analyzer - INFO -   Total files: 1, Unique images: 1
2025-07-20 16:49:25,708 - document_processor.section_extractor - INFO - Text sections by style:
2025-07-20 16:49:25,709 - document_processor.section_extractor - INFO -   Normal: 2
2025-07-20 16:49:25,709 - document_processor.section_extractor - INFO - Image/Table captions: 0
2025-07-20 16:49:25,710 - document_processor.section_extractor - INFO - ==================================================
2025-07-20 16:49:25,728 - document_processor.image_analyzer - WARNING - Error counting inline images: xpath() got an unexpected keyword argument 'namespaces'
2025-07-20 16:49:25,730 - document_processor.image_analyzer - INFO -   Found images: ['image1.jpg']
2025-07-20 16:49:25,730 - document_processor.image_analyzer - INFO -   Unique images: ['image1.jpg']
2025-07-20 16:49:25,731 - document_processor.image_analyzer - INFO -   Total files: 1, Unique images: 1
2025-07-20 16:49:25,924 - document_processor.section_extractor - INFO - Text sections by style:
2025-07-20 16:49:25,925 - document_processor.section_extractor - INFO -   List Paragraph: 3
2025-07-20 16:49:25,925 - document_processor.section_extractor - INFO -   Normal: 15
2025-07-20 16:49:25,926 - document_processor.section_extractor - INFO - Image/Table captions: 0
2025-07-20 16:49:25,926 - document_processor.section_extractor - INFO - ==================================================
2025-07-20 16:49:26,007 - document_processor.image_analyzer - WARNING - Error counting inline images: xpath() got an unexpected keyword argument 'namespaces'
2025-07-20 16:49:26,018 - document_processor.image_analyzer - INFO -   Found images: ['image1.png', 'image2.jpeg']
2025-07-20 16:49:26,018 - document_processor.image_analyzer - INFO -   Unique images: ['image1.png', 'image2.jpeg']
2025-07-20 16:49:26,018 - document_processor.image_analyzer - INFO -   Total files: 2, Unique images: 2
2025-07-20 16:49:26,076 - document_processor.section_extractor - INFO - Text sections by style:
2025-07-20 16:49:26,076 - document_processor.section_extractor - INFO -   Normal: 2
2025-07-20 16:49:26,077 - document_processor.section_extractor - INFO - Image/Table captions: 0
2025-07-20 16:49:26,077 - document_processor.section_extractor - INFO - ==================================================
2025-07-20 16:49:26,095 - document_processor.image_analyzer - WARNING - Error counting inline images: xpath() got an unexpected keyword argument 'namespaces'
2025-07-20 16:49:26,097 - document_processor.image_analyzer - INFO -   Found images: ['image1.jpeg', 'image2.png', 'image3.jpg']
2025-07-20 16:49:26,097 - document_processor.image_analyzer - INFO -   Unique images: ['image1.jpeg', 'image2.png', 'image3.jpg']
2025-07-20 16:49:26,098 - document_processor.image_analyzer - INFO -   Total files: 3, Unique images: 3
2025-07-20 16:49:26,251 - document_processor.section_extractor - INFO - Text sections by style:
2025-07-20 16:49:26,251 - document_processor.section_extractor - INFO -   List Paragraph: 2
2025-07-20 16:49:26,251 - document_processor.section_extractor - INFO -   Normal: 17
2025-07-20 16:49:26,251 - document_processor.section_extractor - INFO - Image/Table captions: 0
2025-07-20 16:49:26,252 - document_processor.section_extractor - INFO - ==================================================
2025-07-20 16:49:26,343 - document_processor.image_analyzer - WARNING - Error counting inline images: xpath() got an unexpected keyword argument 'namespaces'
2025-07-20 16:49:26,349 - document_processor.image_analyzer - INFO -   Found images: ['image1.jpeg', 'image2.jpg', 'image3.jpg', 'image4.jpg', 'image5.jpg']
2025-07-20 16:49:26,349 - document_processor.image_analyzer - INFO -   Unique images: ['image1.jpeg', 'image2.jpg', 'image3.jpg', 'image4.jpg', 'image5.jpg']
2025-07-20 16:49:26,350 - document_processor.image_analyzer - INFO -   Total files: 5, Unique images: 5
2025-07-20 16:49:26,471 - document_processor.section_extractor - INFO - Text sections by style:
2025-07-20 16:49:26,472 - document_processor.section_extractor - INFO -   Heading 1: 1
2025-07-20 16:49:26,472 - document_processor.section_extractor - INFO -   Heading 2: 5
2025-07-20 16:49:26,472 - document_processor.section_extractor - INFO -   Heading 3: 3
2025-07-20 16:49:26,473 - document_processor.section_extractor - INFO -   List Paragraph: 1
2025-07-20 16:49:26,473 - document_processor.section_extractor - INFO -   Normal: 1
2025-07-20 16:49:26,473 - document_processor.section_extractor - INFO - Image/Table captions: 0
2025-07-20 16:49:26,473 - document_processor.section_extractor - INFO - ==================================================
2025-07-20 16:49:26,523 - document_processor.image_analyzer - WARNING - Error counting inline images: xpath() got an unexpected keyword argument 'namespaces'
2025-07-20 16:49:26,524 - document_processor.image_analyzer - INFO -   Found images: ['image1.png', 'image2.png', 'image3.svg', 'image4.png']
2025-07-20 16:49:26,524 - document_processor.image_analyzer - INFO -   Ignoring image3.svg (duplicate of image2.png)
2025-07-20 16:49:26,524 - document_processor.image_analyzer - INFO -   Unique images: ['image1.png', 'image2.png', 'image4.png']
2025-07-20 16:49:26,525 - document_processor.image_analyzer - INFO -   Total files: 4, Unique images: 3
2025-07-20 16:49:26,558 - document_processor.section_extractor - INFO - Text sections by style:
2025-07-20 16:49:26,558 - document_processor.section_extractor - INFO -   Normal: 2
2025-07-20 16:49:26,559 - document_processor.section_extractor - INFO - Image/Table captions: 0
2025-07-20 16:49:26,559 - document_processor.section_extractor - INFO - ==================================================
2025-07-20 16:49:26,575 - document_processor.image_analyzer - WARNING - Error counting inline images: xpath() got an unexpected keyword argument 'namespaces'
2025-07-20 16:49:26,576 - document_processor.image_analyzer - INFO -   Found images: ['image1.jpeg']
2025-07-20 16:49:26,577 - document_processor.image_analyzer - INFO -   Unique images: ['image1.jpeg']
2025-07-20 16:49:26,577 - document_processor.image_analyzer - INFO -   Total files: 1, Unique images: 1
2025-07-20 16:49:26,639 - document_processor.section_extractor - INFO - Text sections by style:
2025-07-20 16:49:26,639 - document_processor.section_extractor - INFO -   List Paragraph: 8
2025-07-20 16:49:26,639 - document_processor.section_extractor - INFO -   Normal: 1
2025-07-20 16:49:26,640 - document_processor.section_extractor - INFO - Image/Table captions: 0
2025-07-20 16:49:26,640 - document_processor.section_extractor - INFO - ==================================================
2025-07-20 16:49:26,662 - document_processor.image_analyzer - WARNING - Error counting inline images: xpath() got an unexpected keyword argument 'namespaces'
2025-07-20 16:49:26,664 - document_processor.image_analyzer - INFO -   Found images: ['image1.jpeg']
2025-07-20 16:49:26,664 - document_processor.image_analyzer - INFO -   Unique images: ['image1.jpeg']
2025-07-20 16:49:26,664 - document_processor.image_analyzer - INFO -   Total files: 1, Unique images: 1
2025-07-20 16:49:26,705 - document_processor.section_extractor - INFO - Text sections by style:
2025-07-20 16:49:26,706 - document_processor.section_extractor - INFO -   Heading 1: 1
2025-07-20 16:49:26,706 - document_processor.section_extractor - INFO -   Normal: 9
2025-07-20 16:49:26,706 - document_processor.section_extractor - INFO - Image/Table captions: 0
2025-07-20 16:49:26,706 - document_processor.section_extractor - INFO - ==================================================
2025-07-20 16:49:26,726 - document_processor.image_analyzer - WARNING - Error counting inline images: xpath() got an unexpected keyword argument 'namespaces'
2025-07-20 16:49:26,728 - document_processor.image_analyzer - INFO -   Found images: ['image1.jpeg', 'image2.jpeg']
2025-07-20 16:49:26,728 - document_processor.image_analyzer - INFO -   Unique images: ['image1.jpeg', 'image2.jpeg']
2025-07-20 16:49:26,728 - document_processor.image_analyzer - INFO -   Total files: 2, Unique images: 2
2025-07-20 16:49:26,781 - document_processor.section_extractor - INFO - Text sections by style:
2025-07-20 16:49:26,781 - document_processor.section_extractor - INFO -   Normal: 2
2025-07-20 16:49:26,781 - document_processor.section_extractor - INFO - Image/Table captions: 0
2025-07-20 16:49:26,782 - document_processor.section_extractor - INFO - ==================================================
2025-07-20 16:49:26,796 - document_processor.image_analyzer - WARNING - Error counting inline images: xpath() got an unexpected keyword argument 'namespaces'
2025-07-20 16:49:26,798 - document_processor.image_analyzer - INFO -   Found images: ['image1.jpeg']
2025-07-20 16:49:26,798 - document_processor.image_analyzer - INFO -   Unique images: ['image1.jpeg']
2025-07-20 16:49:26,798 - document_processor.image_analyzer - INFO -   Total files: 1, Unique images: 1
2025-07-20 16:49:26,838 - document_processor.section_extractor - INFO - Text sections by style:
2025-07-20 16:49:26,839 - document_processor.section_extractor - INFO -   Normal: 7
2025-07-20 16:49:26,839 - document_processor.section_extractor - INFO - Image/Table captions: 0
2025-07-20 16:49:26,839 - document_processor.section_extractor - INFO - ==================================================
2025-07-20 16:49:26,858 - document_processor.image_analyzer - WARNING - Error counting inline images: xpath() got an unexpected keyword argument 'namespaces'
2025-07-20 16:49:26,859 - document_processor.image_analyzer - INFO -   Found images: ['image1.jpeg']
2025-07-20 16:49:26,859 - document_processor.image_analyzer - INFO -   Unique images: ['image1.jpeg']
2025-07-20 16:49:26,859 - document_processor.image_analyzer - INFO -   Total files: 1, Unique images: 1
2025-07-20 16:49:26,900 - document_processor.section_extractor - INFO - Text sections by style:
2025-07-20 16:49:26,900 - document_processor.section_extractor - INFO -   Normal: 2
2025-07-20 16:49:26,900 - document_processor.section_extractor - INFO - Image/Table captions: 0
2025-07-20 16:49:26,900 - document_processor.section_extractor - INFO - ==================================================
2025-07-20 16:49:26,913 - document_processor.image_analyzer - WARNING - Error counting inline images: xpath() got an unexpected keyword argument 'namespaces'
2025-07-20 16:49:26,915 - document_processor.image_analyzer - INFO -   Found images: ['image1.jpeg']
2025-07-20 16:49:26,915 - document_processor.image_analyzer - INFO -   Unique images: ['image1.jpeg']
2025-07-20 16:49:26,915 - document_processor.image_analyzer - INFO -   Total files: 1, Unique images: 1
2025-07-20 16:49:26,951 - document_processor.section_extractor - INFO - Text sections by style:
2025-07-20 16:49:26,951 - document_processor.section_extractor - INFO -   Normal: 2
2025-07-20 16:49:26,951 - document_processor.section_extractor - INFO - Image/Table captions: 0
2025-07-20 16:49:26,951 - document_processor.section_extractor - INFO - ==================================================
2025-07-20 16:49:26,962 - document_processor.image_analyzer - WARNING - Error counting inline images: xpath() got an unexpected keyword argument 'namespaces'
2025-07-20 16:49:26,964 - document_processor.image_analyzer - INFO -   Found images: ['image1.jpeg', 'image2.png']
2025-07-20 16:49:26,964 - document_processor.image_analyzer - INFO -   Unique images: ['image1.jpeg', 'image2.png']
2025-07-20 16:49:26,965 - document_processor.image_analyzer - INFO -   Total files: 2, Unique images: 2
2025-07-20 16:49:27,105 - document_processor.section_extractor - INFO - Text sections by style:
2025-07-20 16:49:27,105 - document_processor.section_extractor - INFO -   Heading 2: 8
2025-07-20 16:49:27,105 - document_processor.section_extractor - INFO -   List Paragraph: 1
2025-07-20 16:49:27,105 - document_processor.section_extractor - INFO -   Normal: 3
2025-07-20 16:49:27,106 - document_processor.section_extractor - INFO - Image/Table captions: 0
2025-07-20 16:49:27,106 - document_processor.section_extractor - INFO - ==================================================
2025-07-20 16:49:27,159 - document_processor.image_analyzer - WARNING - Error counting inline images: xpath() got an unexpected keyword argument 'namespaces'
2025-07-20 16:49:27,160 - document_processor.image_analyzer - INFO -   Found images: ['image1.jpeg']
2025-07-20 16:49:27,161 - document_processor.image_analyzer - INFO -   Unique images: ['image1.jpeg']
2025-07-20 16:49:27,161 - document_processor.image_analyzer - INFO -   Total files: 1, Unique images: 1
2025-07-20 16:49:27,271 - document_processor.section_extractor - INFO - Text sections by style:
2025-07-20 16:49:27,271 - document_processor.section_extractor - INFO -   List Paragraph: 12
2025-07-20 16:49:27,271 - document_processor.section_extractor - INFO -   Normal: 32
2025-07-20 16:49:27,271 - document_processor.section_extractor - INFO - Image/Table captions: 9
2025-07-20 16:49:27,272 - document_processor.section_extractor - INFO - ==================================================
2025-07-20 16:49:27,316 - document_processor.image_analyzer - WARNING - Error counting inline images: xpath() got an unexpected keyword argument 'namespaces'
2025-07-20 16:49:27,317 - document_processor.image_analyzer - INFO -   Found images: ['image1.jpeg', 'image10.svg', 'image11.png', 'image12.svg', 'image13.jpeg', 'image14.png', 'image15.svg', 'image16.jpeg', 'image2.png', 'image3.svg', 'image4.png', 'image5.svg', 'image6.png', 'image7.svg', 'image8.jpeg', 'image9.png']
2025-07-20 16:49:27,317 - document_processor.image_analyzer - INFO -   Ignoring image7.svg (duplicate of image6.png)
2025-07-20 16:49:27,317 - document_processor.image_analyzer - INFO -   Ignoring image15.svg (duplicate of image14.png)
2025-07-20 16:49:27,317 - document_processor.image_analyzer - INFO -   Ignoring image10.svg (duplicate of image9.png)
2025-07-20 16:49:27,318 - document_processor.image_analyzer - INFO -   Ignoring image5.svg (duplicate of image4.png)
2025-07-20 16:49:27,318 - document_processor.image_analyzer - INFO -   Ignoring image12.svg (duplicate of image11.png)
2025-07-20 16:49:27,318 - document_processor.image_analyzer - INFO -   Ignoring image3.svg (duplicate of image2.png)
2025-07-20 16:49:27,318 - document_processor.image_analyzer - INFO -   Unique images: ['image1.jpeg', 'image11.png', 'image13.jpeg', 'image14.png', 'image16.jpeg', 'image2.png', 'image4.png', 'image6.png', 'image8.jpeg', 'image9.png']
2025-07-20 16:49:27,319 - document_processor.image_analyzer - INFO -   Total files: 16, Unique images: 10
2025-07-20 16:49:27,417 - document_processor.section_extractor - INFO - Text sections by style:
2025-07-20 16:49:27,418 - document_processor.section_extractor - INFO -   Normal: 13
2025-07-20 16:49:27,418 - document_processor.section_extractor - INFO - Image/Table captions: 2
2025-07-20 16:49:27,418 - document_processor.section_extractor - INFO - ==================================================
2025-07-20 16:49:27,456 - document_processor.image_analyzer - WARNING - Error counting inline images: xpath() got an unexpected keyword argument 'namespaces'
2025-07-20 16:49:27,462 - document_processor.image_analyzer - INFO -   Found images: ['image1.jpeg', 'image2.png', 'image3.svg', 'image4.jpeg']
2025-07-20 16:49:27,463 - document_processor.image_analyzer - INFO -   Ignoring image3.svg (duplicate of image2.png)
2025-07-20 16:49:27,463 - document_processor.image_analyzer - INFO -   Unique images: ['image1.jpeg', 'image2.png', 'image4.jpeg']
2025-07-20 16:49:27,463 - document_processor.image_analyzer - INFO -   Total files: 4, Unique images: 3
2025-07-20 16:49:27,505 - document_processor.section_extractor - INFO - Text sections by style:
2025-07-20 16:49:27,505 - document_processor.section_extractor - INFO -   Heading 2: 1
2025-07-20 16:49:27,505 - document_processor.section_extractor - INFO -   Heading 3: 1
2025-07-20 16:49:27,505 - document_processor.section_extractor - INFO -   Normal: 2
2025-07-20 16:49:27,505 - document_processor.section_extractor - INFO - Image/Table captions: 3
2025-07-20 16:49:27,505 - document_processor.section_extractor - INFO - ==================================================
2025-07-20 16:49:27,521 - document_processor.image_analyzer - WARNING - Error counting inline images: xpath() got an unexpected keyword argument 'namespaces'
2025-07-20 16:49:27,522 - document_processor.image_analyzer - INFO -   Found images: ['image1.png', 'image2.png', 'image3.svg', 'image4.png', 'image5.svg', 'image6.png', 'image7.svg']
2025-07-20 16:49:27,524 - document_processor.image_analyzer - INFO -   Ignoring image3.svg (duplicate of image2.png)
2025-07-20 16:49:27,524 - document_processor.image_analyzer - INFO -   Ignoring image7.svg (duplicate of image6.png)
2025-07-20 16:49:27,524 - document_processor.image_analyzer - INFO -   Ignoring image5.svg (duplicate of image4.png)
2025-07-20 16:49:27,524 - document_processor.image_analyzer - INFO -   Unique images: ['image1.png', 'image2.png', 'image4.png', 'image6.png']
2025-07-20 16:49:27,524 - document_processor.image_analyzer - INFO -   Total files: 7, Unique images: 4
2025-07-20 16:49:27,591 - document_processor.section_extractor - INFO - Text sections by style:
2025-07-20 16:49:27,591 - document_processor.section_extractor - INFO -   List Paragraph: 2
2025-07-20 16:49:27,591 - document_processor.section_extractor - INFO -   Normal: 7
2025-07-20 16:49:27,591 - document_processor.section_extractor - INFO - Image/Table captions: 1
2025-07-20 16:49:27,591 - document_processor.section_extractor - INFO - ==================================================
2025-07-20 16:49:27,611 - document_processor.image_analyzer - WARNING - Error counting inline images: xpath() got an unexpected keyword argument 'namespaces'
2025-07-20 16:49:27,618 - document_processor.image_analyzer - INFO -   Found images: ['image1.jpeg', 'image2.png', 'image3.svg']
2025-07-20 16:49:27,619 - document_processor.image_analyzer - INFO -   Ignoring image3.svg (duplicate of image2.png)
2025-07-20 16:49:27,619 - document_processor.image_analyzer - INFO -   Unique images: ['image1.jpeg', 'image2.png']
2025-07-20 16:49:27,619 - document_processor.image_analyzer - INFO -   Total files: 3, Unique images: 2
2025-07-20 16:49:27,718 - document_processor.section_extractor - INFO - Text sections by style:
2025-07-20 16:49:27,718 - document_processor.section_extractor - INFO -   List Paragraph: 4
2025-07-20 16:49:27,718 - document_processor.section_extractor - INFO -   Normal: 6
2025-07-20 16:49:27,719 - document_processor.section_extractor - INFO - Image/Table captions: 4
2025-07-20 16:49:27,719 - document_processor.section_extractor - INFO - ==================================================
2025-07-20 16:49:27,750 - document_processor.image_analyzer - WARNING - Error counting inline images: xpath() got an unexpected keyword argument 'namespaces'
2025-07-20 16:49:27,751 - document_processor.image_analyzer - INFO -   Found images: ['image1.jpeg', 'image10.png', 'image11.svg', 'image12.png', 'image13.svg', 'image2.png', 'image3.svg', 'image4.png', 'image5.svg', 'image6.jpeg', 'image7.jpeg', 'image8.png', 'image9.svg']
2025-07-20 16:49:27,752 - document_processor.image_analyzer - INFO -   Ignoring image3.svg (duplicate of image2.png)
2025-07-20 16:49:27,752 - document_processor.image_analyzer - INFO -   Ignoring image13.svg (duplicate of image12.png)
2025-07-20 16:49:27,752 - document_processor.image_analyzer - INFO -   Ignoring image5.svg (duplicate of image4.png)
2025-07-20 16:49:27,752 - document_processor.image_analyzer - INFO -   Ignoring image9.svg (duplicate of image8.png)
2025-07-20 16:49:27,753 - document_processor.image_analyzer - INFO -   Ignoring image11.svg (duplicate of image10.png)
2025-07-20 16:49:27,753 - document_processor.image_analyzer - INFO -   Unique images: ['image1.jpeg', 'image10.png', 'image12.png', 'image2.png', 'image4.png', 'image6.jpeg', 'image7.jpeg', 'image8.png']
2025-07-20 16:49:27,753 - document_processor.image_analyzer - INFO -   Total files: 13, Unique images: 8
2025-07-20 16:49:27,968 - document_processor.section_extractor - INFO - Text sections by style:
2025-07-20 16:49:27,968 - document_processor.section_extractor - INFO -   Heading 1: 10
2025-07-20 16:49:27,968 - document_processor.section_extractor - INFO -   Heading 2: 2
2025-07-20 16:49:27,968 - document_processor.section_extractor - INFO -   Heading 3: 4
2025-07-20 16:49:27,968 - document_processor.section_extractor - INFO -   Heading 4: 21
2025-07-20 16:49:27,969 - document_processor.section_extractor - INFO -   List Paragraph: 2
2025-07-20 16:49:27,969 - document_processor.section_extractor - INFO -   Normal: 3
2025-07-20 16:49:27,969 - document_processor.section_extractor - INFO - Image/Table captions: 18
2025-07-20 16:49:27,969 - document_processor.section_extractor - INFO - ==================================================
2025-07-20 16:49:28,092 - document_processor.image_analyzer - WARNING - Error counting inline images: xpath() got an unexpected keyword argument 'namespaces'
2025-07-20 16:49:28,093 - document_processor.image_analyzer - INFO -   Found images: ['image1.jpeg', 'image10.png', 'image11.svg', 'image12.png', 'image13.svg', 'image14.png', 'image15.svg', 'image16.png', 'image17.svg', 'image18.png', 'image19.svg', 'image2.png', 'image20.png', 'image21.svg', 'image22.png', 'image23.svg', 'image24.png', 'image25.svg', 'image26.png', 'image27.svg', 'image28.png', 'image29.svg', 'image3.svg', 'image30.png', 'image31.svg', 'image32.png', 'image33.svg', 'image34.png', 'image35.svg', 'image36.png', 'image37.svg', 'image4.png', 'image5.svg', 'image6.png', 'image7.svg', 'image8.png', 'image9.svg']
2025-07-20 16:49:28,094 - document_processor.image_analyzer - INFO -   Ignoring image11.svg (duplicate of image10.png)
2025-07-20 16:49:28,094 - document_processor.image_analyzer - INFO -   Ignoring image37.svg (duplicate of image36.png)
2025-07-20 16:49:28,094 - document_processor.image_analyzer - INFO -   Ignoring image19.svg (duplicate of image18.png)
2025-07-20 16:49:28,095 - document_processor.image_analyzer - INFO -   Ignoring image27.svg (duplicate of image26.png)
2025-07-20 16:49:28,095 - document_processor.image_analyzer - INFO -   Ignoring image35.svg (duplicate of image34.png)
2025-07-20 16:49:28,095 - document_processor.image_analyzer - INFO -   Ignoring image9.svg (duplicate of image8.png)
2025-07-20 16:49:28,095 - document_processor.image_analyzer - INFO -   Ignoring image17.svg (duplicate of image16.png)
2025-07-20 16:49:28,096 - document_processor.image_analyzer - INFO -   Ignoring image25.svg (duplicate of image24.png)
2025-07-20 16:49:28,096 - document_processor.image_analyzer - INFO -   Ignoring image33.svg (duplicate of image32.png)
2025-07-20 16:49:28,096 - document_processor.image_analyzer - INFO -   Ignoring image7.svg (duplicate of image6.png)
2025-07-20 16:49:28,096 - document_processor.image_analyzer - INFO -   Ignoring image15.svg (duplicate of image14.png)
2025-07-20 16:49:28,096 - document_processor.image_analyzer - INFO -   Ignoring image23.svg (duplicate of image22.png)
2025-07-20 16:49:28,097 - document_processor.image_analyzer - INFO -   Ignoring image31.svg (duplicate of image30.png)
2025-07-20 16:49:28,097 - document_processor.image_analyzer - INFO -   Ignoring image5.svg (duplicate of image4.png)
2025-07-20 16:49:28,097 - document_processor.image_analyzer - INFO -   Ignoring image13.svg (duplicate of image12.png)
2025-07-20 16:49:28,097 - document_processor.image_analyzer - INFO -   Ignoring image21.svg (duplicate of image20.png)
2025-07-20 16:49:28,097 - document_processor.image_analyzer - INFO -   Ignoring image3.svg (duplicate of image2.png)
2025-07-20 16:49:28,097 - document_processor.image_analyzer - INFO -   Ignoring image29.svg (duplicate of image28.png)
2025-07-20 16:49:28,098 - document_processor.image_analyzer - INFO -   Unique images: ['image1.jpeg', 'image10.png', 'image12.png', 'image14.png', 'image16.png', 'image18.png', 'image2.png', 'image20.png', 'image22.png', 'image24.png', 'image26.png', 'image28.png', 'image30.png', 'image32.png', 'image34.png', 'image36.png', 'image4.png', 'image6.png', 'image8.png']
2025-07-20 16:49:28,098 - document_processor.image_analyzer - INFO -   Total files: 37, Unique images: 19
2025-07-20 16:49:28,198 - document_processor.section_extractor - INFO - Text sections by style:
2025-07-20 16:49:28,198 - document_processor.section_extractor - INFO -   Heading 2: 10
2025-07-20 16:49:28,198 - document_processor.section_extractor - INFO -   Heading 3a: 2
2025-07-20 16:49:28,198 - document_processor.section_extractor - INFO -   Normal: 2
2025-07-20 16:49:28,198 - document_processor.section_extractor - INFO - Image/Table captions: 1
2025-07-20 16:49:28,199 - document_processor.section_extractor - INFO - ==================================================
2025-07-20 16:49:28,242 - document_processor.image_analyzer - WARNING - Error counting inline images: xpath() got an unexpected keyword argument 'namespaces'
2025-07-20 16:49:28,243 - document_processor.image_analyzer - INFO -   Found images: ['image1.jpeg', 'image2.png', 'image3.svg']
2025-07-20 16:49:28,243 - document_processor.image_analyzer - INFO -   Ignoring image3.svg (duplicate of image2.png)
2025-07-20 16:49:28,243 - document_processor.image_analyzer - INFO -   Unique images: ['image1.jpeg', 'image2.png']
2025-07-20 16:49:28,243 - document_processor.image_analyzer - INFO -   Total files: 3, Unique images: 2
2025-07-20 16:49:28,350 - document_processor.section_extractor - INFO - Text sections by style:
2025-07-20 16:49:28,350 - document_processor.section_extractor - INFO -   Normal: 14
2025-07-20 16:49:28,350 - document_processor.section_extractor - INFO - Image/Table captions: 0
2025-07-20 16:49:28,350 - document_processor.section_extractor - INFO - ==================================================
2025-07-20 16:49:28,396 - document_processor.image_analyzer - WARNING - Error counting inline images: xpath() got an unexpected keyword argument 'namespaces'
2025-07-20 16:49:28,398 - document_processor.image_analyzer - INFO -   Found images: ['image1.jpg']
2025-07-20 16:49:28,398 - document_processor.image_analyzer - INFO -   Unique images: ['image1.jpg']
2025-07-20 16:49:28,399 - document_processor.image_analyzer - INFO -   Total files: 1, Unique images: 1
2025-07-20 16:49:28,521 - document_processor.section_extractor - INFO - Text sections by style:
2025-07-20 16:49:28,521 - document_processor.section_extractor - INFO -   Normal: 3
2025-07-20 16:49:28,522 - document_processor.section_extractor - INFO - Image/Table captions: 0
2025-07-20 16:49:28,522 - document_processor.section_extractor - INFO - ==================================================
2025-07-20 16:49:28,586 - document_processor.image_analyzer - WARNING - Error counting inline images: xpath() got an unexpected keyword argument 'namespaces'
2025-07-20 16:49:28,587 - document_processor.image_analyzer - INFO -   Found images: ['image1.jpeg']
2025-07-20 16:49:28,588 - document_processor.image_analyzer - INFO -   Unique images: ['image1.jpeg']
2025-07-20 16:49:28,588 - document_processor.image_analyzer - INFO -   Total files: 1, Unique images: 1
2025-07-20 16:49:28,588 - __main__ - INFO - Found 44 documents. Writing to Excel...
2025-07-20 16:49:28,596 - excel_writer - INFO - Written summary for 44 documents
2025-07-20 16:49:28,600 - excel_writer - INFO - Written 28 sections for document 1
2025-07-20 16:49:28,602 - excel_writer - INFO - Written 7 sections for document 2
2025-07-20 16:49:28,604 - excel_writer - INFO - Written 25 sections for document 3
2025-07-20 16:49:28,606 - excel_writer - INFO - Written 25 sections for document 4
2025-07-20 16:49:28,608 - excel_writer - INFO - Written 9 sections for document 5
2025-07-20 16:49:28,610 - excel_writer - INFO - Written 8 sections for document 6
2025-07-20 16:49:28,612 - excel_writer - INFO - Written 7 sections for document 7
2025-07-20 16:49:28,614 - excel_writer - INFO - Written 9 sections for document 8
2025-07-20 16:49:28,616 - excel_writer - INFO - Written 11 sections for document 9
2025-07-20 16:49:28,618 - excel_writer - INFO - Written 21 sections for document 10
2025-07-20 16:49:28,620 - excel_writer - INFO - Written 8 sections for document 11
2025-07-20 16:49:28,622 - excel_writer - INFO - Written 22 sections for document 12
2025-07-20 16:49:28,623 - excel_writer - INFO - Written 2 sections for document 13
2025-07-20 16:49:28,625 - excel_writer - INFO - Written 5 sections for document 14
2025-07-20 16:49:28,627 - excel_writer - INFO - Written 9 sections for document 15
2025-07-20 16:49:28,629 - excel_writer - INFO - Written 7 sections for document 16
2025-07-20 16:49:28,631 - excel_writer - INFO - Written 23 sections for document 17
2025-07-20 16:49:28,634 - excel_writer - INFO - Written 16 sections for document 18
2025-07-20 16:49:28,635 - excel_writer - INFO - Written 11 sections for document 19
2025-07-20 16:49:28,637 - excel_writer - INFO - Written 8 sections for document 20
2025-07-20 16:49:28,640 - excel_writer - INFO - Written 18 sections for document 21
2025-07-20 16:49:28,641 - excel_writer - INFO - Written 7 sections for document 22
2025-07-20 16:49:28,643 - excel_writer - INFO - Written 2 sections for document 23
2025-07-20 16:49:28,644 - excel_writer - INFO - Written 18 sections for document 24
2025-07-20 16:49:28,646 - excel_writer - INFO - Written 2 sections for document 25
2025-07-20 16:49:28,649 - excel_writer - INFO - Written 19 sections for document 26
2025-07-20 16:49:28,651 - excel_writer - INFO - Written 11 sections for document 27
2025-07-20 16:49:28,652 - excel_writer - INFO - Written 2 sections for document 28
2025-07-20 16:49:28,654 - excel_writer - INFO - Written 9 sections for document 29
2025-07-20 16:49:28,655 - excel_writer - INFO - Written 10 sections for document 30
2025-07-20 16:49:28,657 - excel_writer - INFO - Written 2 sections for document 31
2025-07-20 16:49:28,658 - excel_writer - INFO - Written 7 sections for document 32
2025-07-20 16:49:28,660 - excel_writer - INFO - Written 2 sections for document 33
2025-07-20 16:49:28,661 - excel_writer - INFO - Written 2 sections for document 34
2025-07-20 16:49:28,663 - excel_writer - INFO - Written 12 sections for document 35
2025-07-20 16:49:28,667 - excel_writer - INFO - Written 53 sections for document 36
2025-07-20 16:49:28,668 - excel_writer - INFO - Written 15 sections for document 37
2025-07-20 16:49:28,670 - excel_writer - INFO - Written 7 sections for document 38
2025-07-20 16:49:28,672 - excel_writer - INFO - Written 10 sections for document 39
2025-07-20 16:49:28,674 - excel_writer - INFO - Written 14 sections for document 40
2025-07-20 16:49:28,676 - excel_writer - INFO - Written 60 sections for document 41
2025-07-20 16:49:28,678 - excel_writer - INFO - Written 15 sections for document 42
2025-07-20 16:49:28,680 - excel_writer - INFO - Written 14 sections for document 43
2025-07-20 16:49:28,683 - excel_writer - INFO - Written 3 sections for document 44
2025-07-20 16:49:29,604 - excel_writer - INFO - Excel file saved to: document_analysis.xlsx
2025-07-20 16:49:29,605 - __main__ - INFO - ============================================================
2025-07-20 16:49:29,605 - __main__ - INFO - Processing Summary:
2025-07-20 16:49:29,606 - __main__ - INFO -   Documents processed: 44
2025-07-20 16:49:29,606 - __main__ - INFO -   Total words: 110,298
2025-07-20 16:49:29,607 - __main__ - INFO -   Total images: 242
2025-07-20 16:49:29,607 - __main__ - INFO -   Total sections: 575
2025-07-20 16:49:29,607 - __main__ - INFO -   Output file: D:\Development\Documents processing\document_analysis.xlsx
2025-07-20 16:49:29,608 - __main__ - INFO - ============================================================
