2025-07-20 14:51:17,787 - __main__ - INFO - ============================================================
2025-07-20 14:51:17,787 - __main__ - INFO - Document Processing Application Started
2025-07-20 14:51:17,787 - __main__ - INFO - ============================================================
2025-07-20 14:51:18,069 - document_processor - WARNING - Error counting inline images: xpath() got an unexpected keyword argument 'namespaces'
2025-07-20 14:51:18,074 - document_processor - INFO -   Found images: ['image1.jpeg', 'image10.jpeg', 'image11.jpeg', 'image12.png', 'image13.png', 'image14.jpeg', 'image15.jpeg', 'image16.jpeg', 'image17.png', 'image18.svg', 'image19.png', 'image2.png', 'image20.svg', 'image21.png', 'image22.svg', 'image23.jpeg', 'image24.png', 'image25.jpeg', 'image26.jpeg', 'image3.jpeg', 'image4.jpeg', 'image5.jpeg', 'image6.png', 'image7.jpeg', 'image8.jpeg', 'image9.jpeg']
2025-07-20 14:51:18,075 - document_processor - INFO -   Ignoring image22.svg (duplicate of image21.png)
2025-07-20 14:51:18,075 - document_processor - INFO -   Ignoring image18.svg (duplicate of image17.png)
2025-07-20 14:51:18,076 - document_processor - INFO -   Ignoring image20.svg (duplicate of image19.png)
2025-07-20 14:51:18,076 - document_processor - INFO -   Unique images: ['image1.jpeg', 'image10.jpeg', 'image11.jpeg', 'image12.png', 'image13.png', 'image14.jpeg', 'image15.jpeg', 'image16.jpeg', 'image17.png', 'image19.png', 'image2.png', 'image21.png', 'image23.jpeg', 'image24.png', 'image25.jpeg', 'image26.jpeg', 'image3.jpeg', 'image4.jpeg', 'image5.jpeg', 'image6.png', 'image7.jpeg', 'image8.jpeg', 'image9.jpeg']
2025-07-20 14:51:18,077 - document_processor - INFO -   Total files: 26, Unique images: 23
2025-07-20 14:51:18,452 - document_processor - WARNING - Error counting inline images: xpath() got an unexpected keyword argument 'namespaces'
2025-07-20 14:51:18,456 - document_processor - INFO -   Found images: ['image1.png', 'image2.svg']
2025-07-20 14:51:18,456 - document_processor - INFO -   Ignoring image2.svg (duplicate of image1.png)
2025-07-20 14:51:18,457 - document_processor - INFO -   Unique images: ['image1.png']
2025-07-20 14:51:18,457 - document_processor - INFO -   Total files: 2, Unique images: 1
2025-07-20 14:51:18,799 - document_processor - WARNING - Error counting inline images: xpath() got an unexpected keyword argument 'namespaces'
2025-07-20 14:51:18,804 - document_processor - INFO -   Found images: ['image1.jpeg', 'image2.jpeg', 'image3.jpg']
2025-07-20 14:51:18,804 - document_processor - INFO -   Unique images: ['image1.jpeg', 'image2.jpeg', 'image3.jpg']
2025-07-20 14:51:18,805 - document_processor - INFO -   Total files: 3, Unique images: 3
2025-07-20 14:51:19,365 - document_processor - WARNING - Error counting inline images: xpath() got an unexpected keyword argument 'namespaces'
2025-07-20 14:51:19,370 - document_processor - INFO -   Found images: ['image1.jpg', 'image2.jpg', 'image3.jpg', 'image4.jpg', 'image5.jpg']
2025-07-20 14:51:19,370 - document_processor - INFO -   Unique images: ['image1.jpg', 'image2.jpg', 'image3.jpg', 'image4.jpg', 'image5.jpg']
2025-07-20 14:51:19,371 - document_processor - INFO -   Total files: 5, Unique images: 5
2025-07-20 14:51:19,744 - document_processor - WARNING - Error counting inline images: xpath() got an unexpected keyword argument 'namespaces'
2025-07-20 14:51:19,748 - document_processor - INFO -   Found images: ['image1.jpg', 'image2.jpeg', 'image3.jpeg']
2025-07-20 14:51:19,748 - document_processor - INFO -   Unique images: ['image1.jpg', 'image2.jpeg', 'image3.jpeg']
2025-07-20 14:51:19,749 - document_processor - INFO -   Total files: 3, Unique images: 3
2025-07-20 14:51:19,907 - document_processor - WARNING - Error counting inline images: xpath() got an unexpected keyword argument 'namespaces'
2025-07-20 14:51:19,911 - document_processor - INFO -   Found images: ['image1.jpeg', 'image2.jpg']
2025-07-20 14:51:19,912 - document_processor - INFO -   Unique images: ['image1.jpeg', 'image2.jpg']
2025-07-20 14:51:19,912 - document_processor - INFO -   Total files: 2, Unique images: 2
2025-07-20 14:51:20,088 - document_processor - WARNING - Error counting inline images: xpath() got an unexpected keyword argument 'namespaces'
2025-07-20 14:51:20,092 - document_processor - INFO -   Found images: ['image1.png', 'image2.png', 'image3.png', 'image4.jpeg']
2025-07-20 14:51:20,092 - document_processor - INFO -   Unique images: ['image1.png', 'image2.png', 'image3.png', 'image4.jpeg']
2025-07-20 14:51:20,092 - document_processor - INFO -   Total files: 4, Unique images: 4
2025-07-20 14:51:20,262 - document_processor - WARNING - Error counting inline images: xpath() got an unexpected keyword argument 'namespaces'
2025-07-20 14:51:20,272 - document_processor - INFO -   Found images: ['image1.jpg', 'image2.jpeg']
2025-07-20 14:51:20,273 - document_processor - INFO -   Unique images: ['image1.jpg', 'image2.jpeg']
2025-07-20 14:51:20,275 - document_processor - INFO -   Total files: 2, Unique images: 2
2025-07-20 14:51:20,458 - document_processor - WARNING - Error counting inline images: xpath() got an unexpected keyword argument 'namespaces'
2025-07-20 14:51:20,462 - document_processor - INFO -   Found images: ['image1.jpeg', 'image2.jpg', 'image3.jpg', 'image4.jpg']
2025-07-20 14:51:20,462 - document_processor - INFO -   Unique images: ['image1.jpeg', 'image2.jpg', 'image3.jpg', 'image4.jpg']
2025-07-20 14:51:20,462 - document_processor - INFO -   Total files: 4, Unique images: 4
2025-07-20 14:51:20,709 - document_processor - WARNING - Error counting inline images: xpath() got an unexpected keyword argument 'namespaces'
2025-07-20 14:51:20,740 - document_processor - INFO -   Found images: ['image1.jpeg', 'image2.jpg', 'image3.jpg', 'image4.jpg']
2025-07-20 14:51:20,740 - document_processor - INFO -   Unique images: ['image1.jpeg', 'image2.jpg', 'image3.jpg', 'image4.jpg']
2025-07-20 14:51:20,740 - document_processor - INFO -   Total files: 4, Unique images: 4
2025-07-20 14:51:20,959 - document_processor - WARNING - Error counting inline images: xpath() got an unexpected keyword argument 'namespaces'
2025-07-20 14:51:20,964 - document_processor - INFO -   Found images: ['image1.jpg']
2025-07-20 14:51:20,964 - document_processor - INFO -   Unique images: ['image1.jpg']
2025-07-20 14:51:20,964 - document_processor - INFO -   Total files: 1, Unique images: 1
2025-07-20 14:51:21,174 - document_processor - WARNING - Error counting inline images: xpath() got an unexpected keyword argument 'namespaces'
2025-07-20 14:51:21,179 - document_processor - INFO -   Found images: ['image1.jpg', 'image2.png', 'image3.svg']
2025-07-20 14:51:21,179 - document_processor - INFO -   Ignoring image3.svg (duplicate of image2.png)
2025-07-20 14:51:21,180 - document_processor - INFO -   Unique images: ['image1.jpg', 'image2.png']
2025-07-20 14:51:21,180 - document_processor - INFO -   Total files: 3, Unique images: 2
2025-07-20 14:51:21,430 - document_processor - WARNING - Error counting inline images: xpath() got an unexpected keyword argument 'namespaces'
2025-07-20 14:51:21,434 - document_processor - INFO -   Found images: ['image1.jpg', 'image2.jpeg', 'image3.jpg', 'image4.jpeg', 'image5.jpg']
2025-07-20 14:51:21,435 - document_processor - INFO -   Unique images: ['image1.jpg', 'image2.jpeg', 'image3.jpg', 'image4.jpeg', 'image5.jpg']
2025-07-20 14:51:21,435 - document_processor - INFO -   Total files: 5, Unique images: 5
2025-07-20 14:51:21,590 - document_processor - WARNING - Error counting inline images: xpath() got an unexpected keyword argument 'namespaces'
2025-07-20 14:51:21,595 - document_processor - INFO -   Found images: ['image1.jpeg']
2025-07-20 14:51:21,595 - document_processor - INFO -   Unique images: ['image1.jpeg']
2025-07-20 14:51:21,595 - document_processor - INFO -   Total files: 1, Unique images: 1
2025-07-20 14:51:21,753 - document_processor - WARNING - Error counting inline images: xpath() got an unexpected keyword argument 'namespaces'
2025-07-20 14:51:21,757 - document_processor - INFO -   Found images: ['image1.jpeg']
2025-07-20 14:51:21,757 - document_processor - INFO -   Unique images: ['image1.jpeg']
2025-07-20 14:51:21,758 - document_processor - INFO -   Total files: 1, Unique images: 1
2025-07-20 14:51:21,984 - document_processor - WARNING - Error counting inline images: xpath() got an unexpected keyword argument 'namespaces'
2025-07-20 14:51:21,989 - document_processor - INFO -   Found images: ['image1.jpeg']
2025-07-20 14:51:21,989 - document_processor - INFO -   Unique images: ['image1.jpeg']
2025-07-20 14:51:21,990 - document_processor - INFO -   Total files: 1, Unique images: 1
2025-07-20 14:51:22,275 - document_processor - WARNING - Error counting inline images: xpath() got an unexpected keyword argument 'namespaces'
2025-07-20 14:51:22,280 - document_processor - INFO -   Found images: ['image1.jpeg', 'image10.png', 'image11.svg', 'image12.png', 'image13.svg', 'image14.png', 'image15.svg', 'image16.png', 'image17.svg', 'image18.png', 'image19.svg', 'image2.png', 'image20.png', 'image21.svg', 'image22.png', 'image23.svg', 'image24.png', 'image25.svg', 'image26.png', 'image27.svg', 'image28.png', 'image29.svg', 'image3.svg', 'image4.png', 'image5.svg', 'image6.png', 'image7.svg', 'image8.png', 'image9.svg']
2025-07-20 14:51:22,280 - document_processor - INFO -   Ignoring image3.svg (duplicate of image2.png)
2025-07-20 14:51:22,280 - document_processor - INFO -   Ignoring image29.svg (duplicate of image28.png)
2025-07-20 14:51:22,281 - document_processor - INFO -   Ignoring image11.svg (duplicate of image10.png)
2025-07-20 14:51:22,281 - document_processor - INFO -   Ignoring image19.svg (duplicate of image18.png)
2025-07-20 14:51:22,281 - document_processor - INFO -   Ignoring image27.svg (duplicate of image26.png)
2025-07-20 14:51:22,282 - document_processor - INFO -   Ignoring image5.svg (duplicate of image4.png)
2025-07-20 14:51:22,282 - document_processor - INFO -   Ignoring image13.svg (duplicate of image12.png)
2025-07-20 14:51:22,282 - document_processor - INFO -   Ignoring image9.svg (duplicate of image8.png)
2025-07-20 14:51:22,283 - document_processor - INFO -   Ignoring image21.svg (duplicate of image20.png)
2025-07-20 14:51:22,283 - document_processor - INFO -   Ignoring image17.svg (duplicate of image16.png)
2025-07-20 14:51:22,283 - document_processor - INFO -   Ignoring image25.svg (duplicate of image24.png)
2025-07-20 14:51:22,284 - document_processor - INFO -   Ignoring image7.svg (duplicate of image6.png)
2025-07-20 14:51:22,284 - document_processor - INFO -   Ignoring image15.svg (duplicate of image14.png)
2025-07-20 14:51:22,284 - document_processor - INFO -   Ignoring image23.svg (duplicate of image22.png)
2025-07-20 14:51:22,285 - document_processor - INFO -   Unique images: ['image1.jpeg', 'image10.png', 'image12.png', 'image14.png', 'image16.png', 'image18.png', 'image2.png', 'image20.png', 'image22.png', 'image24.png', 'image26.png', 'image28.png', 'image4.png', 'image6.png', 'image8.png']
2025-07-20 14:51:22,286 - document_processor - INFO -   Total files: 29, Unique images: 15
2025-07-20 14:51:22,632 - document_processor - WARNING - Error counting inline images: xpath() got an unexpected keyword argument 'namespaces'
2025-07-20 14:51:22,638 - document_processor - INFO -   Found images: ['image1.jpeg', 'image10.png', 'image11.svg', 'image12.png', 'image13.svg', 'image14.png', 'image15.svg', 'image16.png', 'image17.svg', 'image2.png', 'image3.svg', 'image4.png', 'image5.svg', 'image6.png', 'image7.svg', 'image8.png', 'image9.svg']
2025-07-20 14:51:22,638 - document_processor - INFO -   Ignoring image3.svg (duplicate of image2.png)
2025-07-20 14:51:22,638 - document_processor - INFO -   Ignoring image11.svg (duplicate of image10.png)
2025-07-20 14:51:22,638 - document_processor - INFO -   Ignoring image7.svg (duplicate of image6.png)
2025-07-20 14:51:22,639 - document_processor - INFO -   Ignoring image15.svg (duplicate of image14.png)
2025-07-20 14:51:22,639 - document_processor - INFO -   Ignoring image5.svg (duplicate of image4.png)
2025-07-20 14:51:22,639 - document_processor - INFO -   Ignoring image13.svg (duplicate of image12.png)
2025-07-20 14:51:22,640 - document_processor - INFO -   Ignoring image9.svg (duplicate of image8.png)
2025-07-20 14:51:22,640 - document_processor - INFO -   Ignoring image17.svg (duplicate of image16.png)
2025-07-20 14:51:22,640 - document_processor - INFO -   Unique images: ['image1.jpeg', 'image10.png', 'image12.png', 'image14.png', 'image16.png', 'image2.png', 'image4.png', 'image6.png', 'image8.png']
2025-07-20 14:51:22,641 - document_processor - INFO -   Total files: 17, Unique images: 9
2025-07-20 14:51:22,899 - document_processor - WARNING - Error counting inline images: xpath() got an unexpected keyword argument 'namespaces'
2025-07-20 14:51:22,911 - document_processor - INFO -   Found images: ['image1.jpeg', 'image2.png', 'image3.svg', 'image4.png', 'image5.svg', 'image6.png', 'image7.svg', 'image8.png', 'image9.svg']
2025-07-20 14:51:22,912 - document_processor - INFO -   Ignoring image3.svg (duplicate of image2.png)
2025-07-20 14:51:22,912 - document_processor - INFO -   Ignoring image7.svg (duplicate of image6.png)
2025-07-20 14:51:22,913 - document_processor - INFO -   Ignoring image5.svg (duplicate of image4.png)
2025-07-20 14:51:22,913 - document_processor - INFO -   Ignoring image9.svg (duplicate of image8.png)
2025-07-20 14:51:22,913 - document_processor - INFO -   Unique images: ['image1.jpeg', 'image2.png', 'image4.png', 'image6.png', 'image8.png']
2025-07-20 14:51:22,914 - document_processor - INFO -   Total files: 9, Unique images: 5
2025-07-20 14:51:23,439 - document_processor - WARNING - Error counting inline images: xpath() got an unexpected keyword argument 'namespaces'
2025-07-20 14:51:23,446 - document_processor - INFO -   Found images: ['image1.jpeg', 'image2.jpg', 'image3.jpeg']
2025-07-20 14:51:23,446 - document_processor - INFO -   Unique images: ['image1.jpeg', 'image2.jpg', 'image3.jpeg']
2025-07-20 14:51:23,447 - document_processor - INFO -   Total files: 3, Unique images: 3
2025-07-20 14:51:23,790 - document_processor - WARNING - Error counting inline images: xpath() got an unexpected keyword argument 'namespaces'
2025-07-20 14:51:23,794 - document_processor - INFO -   Found images: ['image1.jpeg', 'image2.jpg', 'image3.jpeg', 'image4.png', 'image5.svg', 'image6.png']
2025-07-20 14:51:23,795 - document_processor - INFO -   Ignoring image5.svg (duplicate of image4.png)
2025-07-20 14:51:23,795 - document_processor - INFO -   Unique images: ['image1.jpeg', 'image2.jpg', 'image3.jpeg', 'image4.png', 'image6.png']
2025-07-20 14:51:23,796 - document_processor - INFO -   Total files: 6, Unique images: 5
2025-07-20 14:51:24,042 - document_processor - WARNING - Error counting inline images: xpath() got an unexpected keyword argument 'namespaces'
2025-07-20 14:51:24,086 - document_processor - INFO -   Found images: ['image1.jpg']
2025-07-20 14:51:24,086 - document_processor - INFO -   Unique images: ['image1.jpg']
2025-07-20 14:51:24,087 - document_processor - INFO -   Total files: 1, Unique images: 1
2025-07-20 14:51:24,241 - document_processor - WARNING - Error counting inline images: xpath() got an unexpected keyword argument 'namespaces'
2025-07-20 14:51:24,244 - document_processor - INFO -   Found images: ['image1.jpg']
2025-07-20 14:51:24,244 - document_processor - INFO -   Unique images: ['image1.jpg']
2025-07-20 14:51:24,244 - document_processor - INFO -   Total files: 1, Unique images: 1
2025-07-20 14:51:24,444 - document_processor - WARNING - Error counting inline images: xpath() got an unexpected keyword argument 'namespaces'
2025-07-20 14:51:24,449 - document_processor - INFO -   Found images: ['image1.png', 'image2.jpeg']
2025-07-20 14:51:24,449 - document_processor - INFO -   Unique images: ['image1.png', 'image2.jpeg']
2025-07-20 14:51:24,449 - document_processor - INFO -   Total files: 2, Unique images: 2
2025-07-20 14:51:24,677 - document_processor - WARNING - Error counting inline images: xpath() got an unexpected keyword argument 'namespaces'
2025-07-20 14:51:24,711 - document_processor - INFO -   Found images: ['image1.jpeg', 'image2.png', 'image3.jpg']
2025-07-20 14:51:24,712 - document_processor - INFO -   Unique images: ['image1.jpeg', 'image2.png', 'image3.jpg']
2025-07-20 14:51:24,715 - document_processor - INFO -   Total files: 3, Unique images: 3
2025-07-20 14:51:25,007 - document_processor - WARNING - Error counting inline images: xpath() got an unexpected keyword argument 'namespaces'
2025-07-20 14:51:25,012 - document_processor - INFO -   Found images: ['image1.jpeg', 'image2.jpg', 'image3.jpg', 'image4.jpg', 'image5.jpg']
2025-07-20 14:51:25,013 - document_processor - INFO -   Unique images: ['image1.jpeg', 'image2.jpg', 'image3.jpg', 'image4.jpg', 'image5.jpg']
2025-07-20 14:51:25,013 - document_processor - INFO -   Total files: 5, Unique images: 5
2025-07-20 14:51:25,402 - document_processor - WARNING - Error counting inline images: xpath() got an unexpected keyword argument 'namespaces'
2025-07-20 14:51:25,405 - document_processor - INFO -   Found images: ['image1.png', 'image2.png', 'image3.svg', 'image4.png']
2025-07-20 14:51:25,406 - document_processor - INFO -   Ignoring image3.svg (duplicate of image2.png)
2025-07-20 14:51:25,406 - document_processor - INFO -   Unique images: ['image1.png', 'image2.png', 'image4.png']
2025-07-20 14:51:25,406 - document_processor - INFO -   Total files: 4, Unique images: 3
2025-07-20 14:51:25,630 - document_processor - WARNING - Error counting inline images: xpath() got an unexpected keyword argument 'namespaces'
2025-07-20 14:51:25,635 - document_processor - INFO -   Found images: ['image1.jpeg']
2025-07-20 14:51:25,635 - document_processor - INFO -   Unique images: ['image1.jpeg']
2025-07-20 14:51:25,635 - document_processor - INFO -   Total files: 1, Unique images: 1
2025-07-20 14:51:25,758 - document_processor - WARNING - Error counting inline images: xpath() got an unexpected keyword argument 'namespaces'
2025-07-20 14:51:25,763 - document_processor - INFO -   Found images: ['image1.jpeg']
2025-07-20 14:51:25,763 - document_processor - INFO -   Unique images: ['image1.jpeg']
2025-07-20 14:51:25,763 - document_processor - INFO -   Total files: 1, Unique images: 1
2025-07-20 14:51:25,904 - document_processor - WARNING - Error counting inline images: xpath() got an unexpected keyword argument 'namespaces'
2025-07-20 14:51:25,909 - document_processor - INFO -   Found images: ['image1.jpeg', 'image2.jpeg']
2025-07-20 14:51:25,910 - document_processor - INFO -   Unique images: ['image1.jpeg', 'image2.jpeg']
2025-07-20 14:51:25,910 - document_processor - INFO -   Total files: 2, Unique images: 2
2025-07-20 14:51:26,031 - document_processor - WARNING - Error counting inline images: xpath() got an unexpected keyword argument 'namespaces'
2025-07-20 14:51:26,036 - document_processor - INFO -   Found images: ['image1.jpeg']
2025-07-20 14:51:26,037 - document_processor - INFO -   Unique images: ['image1.jpeg']
2025-07-20 14:51:26,037 - document_processor - INFO -   Total files: 1, Unique images: 1
2025-07-20 14:51:26,182 - document_processor - WARNING - Error counting inline images: xpath() got an unexpected keyword argument 'namespaces'
2025-07-20 14:51:26,228 - document_processor - INFO -   Found images: ['image1.jpeg']
2025-07-20 14:51:26,229 - document_processor - INFO -   Unique images: ['image1.jpeg']
2025-07-20 14:51:26,230 - document_processor - INFO -   Total files: 1, Unique images: 1
2025-07-20 14:51:26,412 - document_processor - WARNING - Error counting inline images: xpath() got an unexpected keyword argument 'namespaces'
2025-07-20 14:51:26,415 - document_processor - INFO -   Found images: ['image1.jpeg']
2025-07-20 14:51:26,416 - document_processor - INFO -   Unique images: ['image1.jpeg']
2025-07-20 14:51:26,416 - document_processor - INFO -   Total files: 1, Unique images: 1
2025-07-20 14:51:26,529 - document_processor - WARNING - Error counting inline images: xpath() got an unexpected keyword argument 'namespaces'
2025-07-20 14:51:26,533 - document_processor - INFO -   Found images: ['image1.jpeg', 'image2.png']
2025-07-20 14:51:26,533 - document_processor - INFO -   Unique images: ['image1.jpeg', 'image2.png']
2025-07-20 14:51:26,533 - document_processor - INFO -   Total files: 2, Unique images: 2
2025-07-20 14:51:26,740 - document_processor - WARNING - Error counting inline images: xpath() got an unexpected keyword argument 'namespaces'
2025-07-20 14:51:26,745 - document_processor - INFO -   Found images: ['image1.jpeg']
2025-07-20 14:51:26,745 - document_processor - INFO -   Unique images: ['image1.jpeg']
2025-07-20 14:51:26,746 - document_processor - INFO -   Total files: 1, Unique images: 1
2025-07-20 14:51:27,086 - document_processor - WARNING - Error counting inline images: xpath() got an unexpected keyword argument 'namespaces'
2025-07-20 14:51:27,090 - document_processor - INFO -   Found images: ['image1.jpeg', 'image10.svg', 'image11.png', 'image12.svg', 'image13.jpeg', 'image14.png', 'image15.svg', 'image16.jpeg', 'image2.png', 'image3.svg', 'image4.png', 'image5.svg', 'image6.png', 'image7.svg', 'image8.jpeg', 'image9.png']
2025-07-20 14:51:27,091 - document_processor - INFO -   Ignoring image7.svg (duplicate of image6.png)
2025-07-20 14:51:27,091 - document_processor - INFO -   Ignoring image15.svg (duplicate of image14.png)
2025-07-20 14:51:27,092 - document_processor - INFO -   Ignoring image10.svg (duplicate of image9.png)
2025-07-20 14:51:27,092 - document_processor - INFO -   Ignoring image5.svg (duplicate of image4.png)
2025-07-20 14:51:27,092 - document_processor - INFO -   Ignoring image12.svg (duplicate of image11.png)
2025-07-20 14:51:27,092 - document_processor - INFO -   Ignoring image3.svg (duplicate of image2.png)
2025-07-20 14:51:27,093 - document_processor - INFO -   Unique images: ['image1.jpeg', 'image11.png', 'image13.jpeg', 'image14.png', 'image16.jpeg', 'image2.png', 'image4.png', 'image6.png', 'image8.jpeg', 'image9.png']
2025-07-20 14:51:27,093 - document_processor - INFO -   Total files: 16, Unique images: 10
2025-07-20 14:51:27,397 - document_processor - WARNING - Error counting inline images: xpath() got an unexpected keyword argument 'namespaces'
2025-07-20 14:51:27,400 - document_processor - INFO -   Found images: ['image1.jpeg', 'image2.png', 'image3.svg', 'image4.jpeg']
2025-07-20 14:51:27,402 - document_processor - INFO -   Ignoring image3.svg (duplicate of image2.png)
2025-07-20 14:51:27,403 - document_processor - INFO -   Unique images: ['image1.jpeg', 'image2.png', 'image4.jpeg']
2025-07-20 14:51:27,405 - document_processor - INFO -   Total files: 4, Unique images: 3
2025-07-20 14:51:27,633 - document_processor - WARNING - Error counting inline images: xpath() got an unexpected keyword argument 'namespaces'
2025-07-20 14:51:27,640 - document_processor - INFO -   Found images: ['image1.png', 'image2.png', 'image3.svg', 'image4.png', 'image5.svg', 'image6.png', 'image7.svg']
2025-07-20 14:51:27,640 - document_processor - INFO -   Ignoring image3.svg (duplicate of image2.png)
2025-07-20 14:51:27,640 - document_processor - INFO -   Ignoring image7.svg (duplicate of image6.png)
2025-07-20 14:51:27,642 - document_processor - INFO -   Ignoring image5.svg (duplicate of image4.png)
2025-07-20 14:51:27,642 - document_processor - INFO -   Unique images: ['image1.png', 'image2.png', 'image4.png', 'image6.png']
2025-07-20 14:51:27,642 - document_processor - INFO -   Total files: 7, Unique images: 4
2025-07-20 14:51:27,838 - document_processor - WARNING - Error counting inline images: xpath() got an unexpected keyword argument 'namespaces'
2025-07-20 14:51:27,842 - document_processor - INFO -   Found images: ['image1.jpeg', 'image2.png', 'image3.svg']
2025-07-20 14:51:27,843 - document_processor - INFO -   Ignoring image3.svg (duplicate of image2.png)
2025-07-20 14:51:27,843 - document_processor - INFO -   Unique images: ['image1.jpeg', 'image2.png']
2025-07-20 14:51:27,843 - document_processor - INFO -   Total files: 3, Unique images: 2
2025-07-20 14:51:28,082 - document_processor - WARNING - Error counting inline images: xpath() got an unexpected keyword argument 'namespaces'
2025-07-20 14:51:28,087 - document_processor - INFO -   Found images: ['image1.jpeg', 'image10.png', 'image11.svg', 'image12.png', 'image13.svg', 'image2.png', 'image3.svg', 'image4.png', 'image5.svg', 'image6.jpeg', 'image7.jpeg', 'image8.png', 'image9.svg']
2025-07-20 14:51:28,087 - document_processor - INFO -   Ignoring image3.svg (duplicate of image2.png)
2025-07-20 14:51:28,087 - document_processor - INFO -   Ignoring image13.svg (duplicate of image12.png)
2025-07-20 14:51:28,088 - document_processor - INFO -   Ignoring image5.svg (duplicate of image4.png)
2025-07-20 14:51:28,088 - document_processor - INFO -   Ignoring image9.svg (duplicate of image8.png)
2025-07-20 14:51:28,088 - document_processor - INFO -   Ignoring image11.svg (duplicate of image10.png)
2025-07-20 14:51:28,088 - document_processor - INFO -   Unique images: ['image1.jpeg', 'image10.png', 'image12.png', 'image2.png', 'image4.png', 'image6.jpeg', 'image7.jpeg', 'image8.png']
2025-07-20 14:51:28,089 - document_processor - INFO -   Total files: 13, Unique images: 8
2025-07-20 14:51:28,484 - document_processor - WARNING - Error counting inline images: xpath() got an unexpected keyword argument 'namespaces'
2025-07-20 14:51:28,489 - document_processor - INFO -   Found images: ['image1.jpeg', 'image10.png', 'image11.svg', 'image12.png', 'image13.svg', 'image14.png', 'image15.svg', 'image16.png', 'image17.svg', 'image18.png', 'image19.svg', 'image2.png', 'image20.png', 'image21.svg', 'image22.png', 'image23.svg', 'image24.png', 'image25.svg', 'image26.png', 'image27.svg', 'image28.png', 'image29.svg', 'image3.svg', 'image30.png', 'image31.svg', 'image32.png', 'image33.svg', 'image34.png', 'image35.svg', 'image36.png', 'image37.svg', 'image4.png', 'image5.svg', 'image6.png', 'image7.svg', 'image8.png', 'image9.svg']
2025-07-20 14:51:28,489 - document_processor - INFO -   Ignoring image11.svg (duplicate of image10.png)
2025-07-20 14:51:28,490 - document_processor - INFO -   Ignoring image37.svg (duplicate of image36.png)
2025-07-20 14:51:28,490 - document_processor - INFO -   Ignoring image19.svg (duplicate of image18.png)
2025-07-20 14:51:28,490 - document_processor - INFO -   Ignoring image27.svg (duplicate of image26.png)
2025-07-20 14:51:28,491 - document_processor - INFO -   Ignoring image35.svg (duplicate of image34.png)
2025-07-20 14:51:28,491 - document_processor - INFO -   Ignoring image9.svg (duplicate of image8.png)
2025-07-20 14:51:28,491 - document_processor - INFO -   Ignoring image17.svg (duplicate of image16.png)
2025-07-20 14:51:28,491 - document_processor - INFO -   Ignoring image25.svg (duplicate of image24.png)
2025-07-20 14:51:28,492 - document_processor - INFO -   Ignoring image33.svg (duplicate of image32.png)
2025-07-20 14:51:28,492 - document_processor - INFO -   Ignoring image7.svg (duplicate of image6.png)
2025-07-20 14:51:28,492 - document_processor - INFO -   Ignoring image15.svg (duplicate of image14.png)
2025-07-20 14:51:28,493 - document_processor - INFO -   Ignoring image23.svg (duplicate of image22.png)
2025-07-20 14:51:28,493 - document_processor - INFO -   Ignoring image31.svg (duplicate of image30.png)
2025-07-20 14:51:28,493 - document_processor - INFO -   Ignoring image5.svg (duplicate of image4.png)
2025-07-20 14:51:28,493 - document_processor - INFO -   Ignoring image13.svg (duplicate of image12.png)
2025-07-20 14:51:28,494 - document_processor - INFO -   Ignoring image21.svg (duplicate of image20.png)
2025-07-20 14:51:28,494 - document_processor - INFO -   Ignoring image3.svg (duplicate of image2.png)
2025-07-20 14:51:28,494 - document_processor - INFO -   Ignoring image29.svg (duplicate of image28.png)
2025-07-20 14:51:28,495 - document_processor - INFO -   Unique images: ['image1.jpeg', 'image10.png', 'image12.png', 'image14.png', 'image16.png', 'image18.png', 'image2.png', 'image20.png', 'image22.png', 'image24.png', 'image26.png', 'image28.png', 'image30.png', 'image32.png', 'image34.png', 'image36.png', 'image4.png', 'image6.png', 'image8.png']
2025-07-20 14:51:28,495 - document_processor - INFO -   Total files: 37, Unique images: 19
2025-07-20 14:51:28,996 - document_processor - WARNING - Error counting inline images: xpath() got an unexpected keyword argument 'namespaces'
2025-07-20 14:51:29,002 - document_processor - INFO -   Found images: ['image1.jpeg', 'image2.png', 'image3.svg']
2025-07-20 14:51:29,004 - document_processor - INFO -   Ignoring image3.svg (duplicate of image2.png)
2025-07-20 14:51:29,005 - document_processor - INFO -   Unique images: ['image1.jpeg', 'image2.png']
2025-07-20 14:51:29,005 - document_processor - INFO -   Total files: 3, Unique images: 2
2025-07-20 14:51:29,291 - document_processor - WARNING - Error counting inline images: xpath() got an unexpected keyword argument 'namespaces'
2025-07-20 14:51:29,295 - document_processor - INFO -   Found images: ['image1.jpg']
2025-07-20 14:51:29,295 - document_processor - INFO -   Unique images: ['image1.jpg']
2025-07-20 14:51:29,295 - document_processor - INFO -   Total files: 1, Unique images: 1
2025-07-20 14:51:29,584 - document_processor - WARNING - Error counting inline images: xpath() got an unexpected keyword argument 'namespaces'
2025-07-20 14:51:29,587 - document_processor - INFO -   Found images: ['image1.jpeg']
2025-07-20 14:51:29,588 - document_processor - INFO -   Unique images: ['image1.jpeg']
2025-07-20 14:51:29,588 - document_processor - INFO -   Total files: 1, Unique images: 1
2025-07-20 14:51:29,745 - __main__ - INFO - Found 44 documents. Writing to Excel...
2025-07-20 14:51:29,758 - excel_writer - INFO - Written summary for 44 documents
2025-07-20 14:51:29,761 - excel_writer - INFO - Written 29 sections for document 1
2025-07-20 14:51:29,764 - excel_writer - INFO - Written 7 sections for document 2
2025-07-20 14:51:29,767 - excel_writer - INFO - Written 26 sections for document 3
2025-07-20 14:51:29,771 - excel_writer - INFO - Written 25 sections for document 4
2025-07-20 14:51:29,774 - excel_writer - INFO - Written 9 sections for document 5
2025-07-20 14:51:29,777 - excel_writer - INFO - Written 9 sections for document 6
2025-07-20 14:51:29,780 - excel_writer - INFO - Written 7 sections for document 7
2025-07-20 14:51:29,782 - excel_writer - INFO - Written 9 sections for document 8
2025-07-20 14:51:29,785 - excel_writer - INFO - Written 12 sections for document 9
2025-07-20 14:51:29,790 - excel_writer - INFO - Written 22 sections for document 10
2025-07-20 14:51:29,792 - excel_writer - INFO - Written 8 sections for document 11
2025-07-20 14:51:29,795 - excel_writer - INFO - Written 19 sections for document 12
2025-07-20 14:51:29,797 - excel_writer - INFO - Written 2 sections for document 13
2025-07-20 14:51:29,800 - excel_writer - INFO - Written 5 sections for document 14
2025-07-20 14:51:29,803 - excel_writer - INFO - Written 9 sections for document 15
2025-07-20 14:51:29,807 - excel_writer - INFO - Written 7 sections for document 16
2025-07-20 14:51:29,810 - excel_writer - INFO - Written 20 sections for document 17
2025-07-20 14:51:29,813 - excel_writer - INFO - Written 12 sections for document 18
2025-07-20 14:51:29,815 - excel_writer - INFO - Written 9 sections for document 19
2025-07-20 14:51:29,818 - excel_writer - INFO - Written 7 sections for document 20
2025-07-20 14:51:29,822 - excel_writer - INFO - Written 20 sections for document 21
2025-07-20 14:51:29,824 - excel_writer - INFO - Written 7 sections for document 22
2025-07-20 14:51:29,827 - excel_writer - INFO - Written 3 sections for document 23
2025-07-20 14:51:29,830 - excel_writer - INFO - Written 19 sections for document 24
2025-07-20 14:51:29,832 - excel_writer - INFO - Written 2 sections for document 25
2025-07-20 14:51:29,834 - excel_writer - INFO - Written 19 sections for document 26
2025-07-20 14:51:29,840 - excel_writer - INFO - Written 11 sections for document 27
2025-07-20 14:51:29,842 - excel_writer - INFO - Written 2 sections for document 28
2025-07-20 14:51:29,845 - excel_writer - INFO - Written 9 sections for document 29
2025-07-20 14:51:29,848 - excel_writer - INFO - Written 10 sections for document 30
2025-07-20 14:51:29,851 - excel_writer - INFO - Written 3 sections for document 31
2025-07-20 14:51:29,854 - excel_writer - INFO - Written 7 sections for document 32
2025-07-20 14:51:29,857 - excel_writer - INFO - Written 2 sections for document 33
2025-07-20 14:51:29,859 - excel_writer - INFO - Written 2 sections for document 34
2025-07-20 14:51:29,862 - excel_writer - INFO - Written 13 sections for document 35
2025-07-20 14:51:29,865 - excel_writer - INFO - Written 54 sections for document 36
2025-07-20 14:51:29,870 - excel_writer - INFO - Written 15 sections for document 37
2025-07-20 14:51:29,873 - excel_writer - INFO - Written 4 sections for document 38
2025-07-20 14:51:29,875 - excel_writer - INFO - Written 10 sections for document 39
2025-07-20 14:51:29,878 - excel_writer - INFO - Written 14 sections for document 40
2025-07-20 14:51:29,884 - excel_writer - INFO - Written 75 sections for document 41
2025-07-20 14:51:29,887 - excel_writer - INFO - Written 14 sections for document 42
2025-07-20 14:51:29,891 - excel_writer - INFO - Written 15 sections for document 43
2025-07-20 14:51:29,894 - excel_writer - INFO - Written 4 sections for document 44
2025-07-20 14:51:31,137 - excel_writer - INFO - Excel file saved to: document_analysis.xlsx
2025-07-20 14:51:31,137 - __main__ - INFO - ============================================================
2025-07-20 14:51:31,138 - __main__ - INFO - Processing Summary:
2025-07-20 14:51:31,138 - __main__ - INFO -   Documents processed: 44
2025-07-20 14:51:31,138 - __main__ - INFO -   Total words: 110,298
2025-07-20 14:51:31,139 - __main__ - INFO -   Total images: 242
2025-07-20 14:51:31,139 - __main__ - INFO -   Total sections: 587
2025-07-20 14:51:31,139 - __main__ - INFO -   Output file: D:\Development\Documents processing\document_analysis.xlsx
2025-07-20 14:51:31,140 - __main__ - INFO - ============================================================
