2025-07-20 13:04:49,940 - __main__ - INFO - ============================================================
2025-07-20 13:04:49,940 - __main__ - INFO - Document Processing Application Started
2025-07-20 13:04:49,940 - __main__ - INFO - ============================================================
2025-07-20 13:04:50,557 - document_processor - WARNING - Error counting inline images: xpath() got an unexpected keyword argument 'namespaces'
2025-07-20 13:04:50,892 - document_processor - WARNING - Error counting inline images: xpath() got an unexpected keyword argument 'namespaces'
2025-07-20 13:04:51,111 - document_processor - WARNING - Error counting inline images: xpath() got an unexpected keyword argument 'namespaces'
2025-07-20 13:04:51,554 - document_processor - WARNING - Error counting inline images: xpath() got an unexpected keyword argument 'namespaces'
2025-07-20 13:04:51,849 - document_processor - WARNING - Error counting inline images: xpath() got an unexpected keyword argument 'namespaces'
2025-07-20 13:04:51,927 - document_processor - WARNING - Error counting inline images: xpath() got an unexpected keyword argument 'namespaces'
2025-07-20 13:04:52,019 - document_processor - WARNING - Error counting inline images: xpath() got an unexpected keyword argument 'namespaces'
2025-07-20 13:04:52,099 - document_processor - WARNING - Error counting inline images: xpath() got an unexpected keyword argument 'namespaces'
2025-07-20 13:04:52,196 - document_processor - WARNING - Error counting inline images: xpath() got an unexpected keyword argument 'namespaces'
2025-07-20 13:04:52,311 - document_processor - WARNING - Error counting inline images: xpath() got an unexpected keyword argument 'namespaces'
2025-07-20 13:04:52,430 - document_processor - WARNING - Error counting inline images: xpath() got an unexpected keyword argument 'namespaces'
2025-07-20 13:04:52,532 - document_processor - WARNING - Error counting inline images: xpath() got an unexpected keyword argument 'namespaces'
2025-07-20 13:04:52,673 - document_processor - WARNING - Error counting inline images: xpath() got an unexpected keyword argument 'namespaces'
2025-07-20 13:04:52,752 - document_processor - WARNING - Error counting inline images: xpath() got an unexpected keyword argument 'namespaces'
2025-07-20 13:04:52,844 - document_processor - WARNING - Error counting inline images: xpath() got an unexpected keyword argument 'namespaces'
2025-07-20 13:04:53,059 - document_processor - WARNING - Error counting inline images: xpath() got an unexpected keyword argument 'namespaces'
2025-07-20 13:04:53,277 - document_processor - WARNING - Error counting inline images: xpath() got an unexpected keyword argument 'namespaces'
2025-07-20 13:04:53,493 - document_processor - WARNING - Error counting inline images: xpath() got an unexpected keyword argument 'namespaces'
2025-07-20 13:04:53,688 - document_processor - WARNING - Error counting inline images: xpath() got an unexpected keyword argument 'namespaces'
2025-07-20 13:04:53,874 - document_processor - WARNING - Error counting inline images: xpath() got an unexpected keyword argument 'namespaces'
2025-07-20 13:04:54,019 - document_processor - WARNING - Error counting inline images: xpath() got an unexpected keyword argument 'namespaces'
2025-07-20 13:04:54,117 - document_processor - WARNING - Error counting inline images: xpath() got an unexpected keyword argument 'namespaces'
2025-07-20 13:04:54,183 - document_processor - WARNING - Error counting inline images: xpath() got an unexpected keyword argument 'namespaces'
2025-07-20 13:04:54,322 - document_processor - WARNING - Error counting inline images: xpath() got an unexpected keyword argument 'namespaces'
2025-07-20 13:04:54,428 - document_processor - WARNING - Error counting inline images: xpath() got an unexpected keyword argument 'namespaces'
2025-07-20 13:04:54,577 - document_processor - WARNING - Error counting inline images: xpath() got an unexpected keyword argument 'namespaces'
2025-07-20 13:04:54,763 - document_processor - WARNING - Error counting inline images: xpath() got an unexpected keyword argument 'namespaces'
2025-07-20 13:04:54,876 - document_processor - WARNING - Error counting inline images: xpath() got an unexpected keyword argument 'namespaces'
2025-07-20 13:04:54,940 - document_processor - WARNING - Error counting inline images: xpath() got an unexpected keyword argument 'namespaces'
2025-07-20 13:04:54,996 - document_processor - WARNING - Error counting inline images: xpath() got an unexpected keyword argument 'namespaces'
2025-07-20 13:04:55,052 - document_processor - WARNING - Error counting inline images: xpath() got an unexpected keyword argument 'namespaces'
2025-07-20 13:04:55,123 - document_processor - WARNING - Error counting inline images: xpath() got an unexpected keyword argument 'namespaces'
2025-07-20 13:04:55,193 - document_processor - WARNING - Error counting inline images: xpath() got an unexpected keyword argument 'namespaces'
2025-07-20 13:04:55,254 - document_processor - WARNING - Error counting inline images: xpath() got an unexpected keyword argument 'namespaces'
2025-07-20 13:04:55,374 - document_processor - WARNING - Error counting inline images: xpath() got an unexpected keyword argument 'namespaces'
2025-07-20 13:04:55,607 - document_processor - WARNING - Error counting inline images: xpath() got an unexpected keyword argument 'namespaces'
2025-07-20 13:04:55,783 - document_processor - WARNING - Error counting inline images: xpath() got an unexpected keyword argument 'namespaces'
2025-07-20 13:04:55,883 - document_processor - WARNING - Error counting inline images: xpath() got an unexpected keyword argument 'namespaces'
2025-07-20 13:04:55,972 - document_processor - WARNING - Error counting inline images: xpath() got an unexpected keyword argument 'namespaces'
2025-07-20 13:04:56,126 - document_processor - WARNING - Error counting inline images: xpath() got an unexpected keyword argument 'namespaces'
2025-07-20 13:04:56,448 - document_processor - WARNING - Error counting inline images: xpath() got an unexpected keyword argument 'namespaces'
2025-07-20 13:04:56,827 - document_processor - WARNING - Error counting inline images: xpath() got an unexpected keyword argument 'namespaces'
2025-07-20 13:04:57,172 - document_processor - WARNING - Error counting inline images: xpath() got an unexpected keyword argument 'namespaces'
2025-07-20 13:04:57,561 - document_processor - WARNING - Error counting inline images: xpath() got an unexpected keyword argument 'namespaces'
2025-07-20 13:04:57,691 - __main__ - INFO - Found 44 documents. Writing to Excel...
2025-07-20 13:04:57,725 - excel_writer - INFO - Written summary for 44 documents
2025-07-20 13:04:57,729 - excel_writer - INFO - Written 29 sections for document 1
2025-07-20 13:04:57,733 - excel_writer - INFO - Written 7 sections for document 2
2025-07-20 13:04:57,738 - excel_writer - INFO - Written 26 sections for document 3
2025-07-20 13:04:57,742 - excel_writer - INFO - Written 25 sections for document 4
2025-07-20 13:04:57,746 - excel_writer - INFO - Written 9 sections for document 5
2025-07-20 13:04:57,750 - excel_writer - INFO - Written 9 sections for document 6
2025-07-20 13:04:57,754 - excel_writer - INFO - Written 7 sections for document 7
2025-07-20 13:04:57,758 - excel_writer - INFO - Written 9 sections for document 8
2025-07-20 13:04:57,763 - excel_writer - INFO - Written 12 sections for document 9
2025-07-20 13:04:57,770 - excel_writer - INFO - Written 22 sections for document 10
2025-07-20 13:04:57,776 - excel_writer - INFO - Written 8 sections for document 11
2025-07-20 13:04:57,782 - excel_writer - INFO - Written 19 sections for document 12
2025-07-20 13:04:57,787 - excel_writer - INFO - Written 2 sections for document 13
2025-07-20 13:04:57,790 - excel_writer - INFO - Written 5 sections for document 14
2025-07-20 13:04:57,793 - excel_writer - INFO - Written 9 sections for document 15
2025-07-20 13:04:57,796 - excel_writer - INFO - Written 7 sections for document 16
2025-07-20 13:04:57,799 - excel_writer - INFO - Written 20 sections for document 17
2025-07-20 13:04:57,804 - excel_writer - INFO - Written 12 sections for document 18
2025-07-20 13:04:57,808 - excel_writer - INFO - Written 9 sections for document 19
2025-07-20 13:04:57,811 - excel_writer - INFO - Written 7 sections for document 20
2025-07-20 13:04:57,815 - excel_writer - INFO - Written 20 sections for document 21
2025-07-20 13:04:57,818 - excel_writer - INFO - Written 7 sections for document 22
2025-07-20 13:04:57,822 - excel_writer - INFO - Written 3 sections for document 23
2025-07-20 13:04:57,825 - excel_writer - INFO - Written 19 sections for document 24
2025-07-20 13:04:57,828 - excel_writer - INFO - Written 2 sections for document 25
2025-07-20 13:04:57,831 - excel_writer - INFO - Written 19 sections for document 26
2025-07-20 13:04:57,835 - excel_writer - INFO - Written 11 sections for document 27
2025-07-20 13:04:57,840 - excel_writer - INFO - Written 2 sections for document 28
2025-07-20 13:04:57,843 - excel_writer - INFO - Written 9 sections for document 29
2025-07-20 13:04:57,846 - excel_writer - INFO - Written 10 sections for document 30
2025-07-20 13:04:57,850 - excel_writer - INFO - Written 3 sections for document 31
2025-07-20 13:04:57,854 - excel_writer - INFO - Written 7 sections for document 32
2025-07-20 13:04:57,857 - excel_writer - INFO - Written 2 sections for document 33
2025-07-20 13:04:57,859 - excel_writer - INFO - Written 2 sections for document 34
2025-07-20 13:04:57,862 - excel_writer - INFO - Written 13 sections for document 35
2025-07-20 13:04:57,867 - excel_writer - INFO - Written 54 sections for document 36
2025-07-20 13:04:57,873 - excel_writer - INFO - Written 15 sections for document 37
2025-07-20 13:04:57,876 - excel_writer - INFO - Written 4 sections for document 38
2025-07-20 13:04:57,879 - excel_writer - INFO - Written 10 sections for document 39
2025-07-20 13:04:57,882 - excel_writer - INFO - Written 14 sections for document 40
2025-07-20 13:04:57,890 - excel_writer - INFO - Written 75 sections for document 41
2025-07-20 13:04:57,893 - excel_writer - INFO - Written 14 sections for document 42
2025-07-20 13:04:57,896 - excel_writer - INFO - Written 15 sections for document 43
2025-07-20 13:04:57,899 - excel_writer - INFO - Written 4 sections for document 44
2025-07-20 13:04:58,799 - excel_writer - INFO - Excel file saved to: document_analysis.xlsx
2025-07-20 13:04:58,799 - __main__ - INFO - ============================================================
2025-07-20 13:04:58,799 - __main__ - INFO - Processing Summary:
2025-07-20 13:04:58,800 - __main__ - INFO -   Documents processed: 44
2025-07-20 13:04:58,800 - __main__ - INFO -   Total words: 110,298
2025-07-20 13:04:58,801 - __main__ - INFO -   Total images: 242
2025-07-20 13:04:58,801 - __main__ - INFO -   Total sections: 587
2025-07-20 13:04:58,802 - __main__ - INFO -   Output file: D:\Development\Documents processing\document_analysis.xlsx
2025-07-20 13:04:58,802 - __main__ - INFO - ============================================================
